##[[DATA:data/orbz_sec/Animating facial expressions.txt|
             
 
			
]]
##[[DATA:data/orbz_sec/Another approach to service courses.txt|
               
			
]]
##[[DATA:data/orbz_sec/Animating human athletics.txt|
               
			
]]
##[[DATA:data/orbz_sec/Antecedents and consequences of job satifaction among information center employees.txt|
                   
]]
##[[DATA:data/orbz_sec/Analysis of SRPT scheduling.txt|
               
			
]]
##[[DATA:data/orbz_sec/Analysis of long queries in a large scale search log.txt|
               
			
]]
##[[DATA:data/orbz_sec/Analysis of electronics assembly operations.txt|
 AUTHOR BIOGRAPHIES KURT G. SPRINGFIELD is a member of the technical staff for TASC, 
Inc. in Huntsville, AL. He holds a B.S. in Mechanical Engineering from the University of Tennessee and 
an M.S. in Industrial and Systems Engineering from the University of Alabama in Huntsville. He is a member 
of SCS, RAHMORS, and ASQ. He is a registered professional engineer. JOHN D. HALL is a senior engineer 
for APT Research, Inc. in Huntsville, AL. He holds a B.S. in Aerospace Engineering from the U.S. Military 
Academy, a M.S. in Industrial Engineering from California Polytechnic State University, and a Ph.D. in 
Industrial Engineering from Mississippi State University. Dr. Hall specializes in conducting product 
and process improvement projects for the aerospace and defense industries. He is a member of IIE, INFORMS, 
and ASQ. Dr. Hall is an ASQ Certified Quality Engineer, Quality Manager, and Reliability Engineer. GREGORY 
W. BELL is the Longbow Missile Production Program Manager for Northrop Grumman Land Combat Systems - 
Huntsville. He started with Westinghouse in 1984 after graduating from Loyola College with a B.S. in 
Engineering Science. He has held various manufacturing positions within Westinghouse and Northrop Grumman. 
He moved to Huntsville in 1992 and served as the Lead Production Engineer for the Longbow Missile until 
his promotion to Operations Manager in 1996. Mr. Bell also held positions in test equipment design, test 
engineering, factory supervision, and production systems development and control during his fifteen years 
in manufacturing. 
			
]]
##[[DATA:data/orbz_sec/Antialiased ray tracing by adaptive progressive refinement.txt|
 Samples per Pixel Histogram for Lamp 
Image (512x512) 120~ 100 - 80 --Number of 60 - Pixels (x 103) 40 -i 20 - 02 5 t0 15 20 25 Figure 1. 
The k-D subdivision of the image plane. The bold path Samples per Pixel leads to the next node to be 
subdivided. Samples per Pixel Histogram for Teapot Image (512x512) Algorithm Performance: Lamp Image 
 120 Cpu time (seconds) 100 Resolution Generate I Evaluate Reconstruct Rays per Pixel 64 250.5 2900 
286.1 5.002930 80 Number 128 753.9 9800 906.6 3.905520 of Pixels 60 256 2117.9 33900 2883.7 3.012775 
(N 103) 40 512 7075.3 103620 9505.7 1.880589 20 0 --1 5 10 15 20 25 Algorithm Performance: Teapot Image 
 Samples per Pixel Cpu time (seconds) Resolution Generate Evaluate Reconstruct Rays per Pixel 64 125.1 
710 169.2 2.607670 128 456.8 2680 605.6 2.347838 256 1777.9 9594 2276.7 2.139068 512 6466.6 34217 8629.7 
1.970165  
			
]]
##[[DATA:data/orbz_sec/Animation support in a user interface toolkit.txt|
             
 
			
]]
##[[DATA:data/orbz_sec/Analyzing and re-engineering business processes using simulation.txt|
AUTHOR BIOGRAPHIES R. BHASKAR is 
a scientist in the field of artiticiat intel­ligence. He has been at IBM since 1982. He can be reached 
by email at bhaskar@watson. ibm.com. HO S00 LEE is a Research Staff Member in the Manu­ facturing Research 
Department at the IBM T. J. Watson Research Center. He received his Ph.D. in artificial intel­ligence 
from Northwestern University in 1985. His research interests include knowledge-based systems, search 
algorithms for scheduling and constraint satisfac­tion problems, and business process re-engineering. 
ANTHONY LEVAS is an Advisory Programmer in the Manufacturing Research Department at the IBM T. J. Watson 
Research Center, He received his M.S. degree in computer science from the University of Connecticut at 
Storrs in 1983. He has worked in the areas of speech per­ception and speech synthesis, robot task planning 
and simulation, sensor based smategies, and knowledge based modeling and simulation. His current research 
focus is in business process modeling and simulation. RAJA PkTRAKIAN is a Research Staff Member in the 
Manufacturing Research Department at the IBM T. J. Watson Research Center. He received his Ph.D. degree 
in industrial engineering and operations research from the University of California at Berkeley in 1991, 
His research interests me in business process modeling and simulation, supply chain management, job shop 
schedul­ing, production planning, and optimization. FLORA TSAI is a Senior Associate Programmer in the 
Manufacturing Research Department at the IBM T. J. Watson Research Center. She received a B.S. degree 
in Electrical Engineering from MIT in 1991, and a M.S. degree in Computer Science from Columbia University 
in 1992, She has previously worked on job shop schedul­ing, rule classification for database mining, 
and statistical analysis of randomly-generated data. Currently, she is working on business process modeling 
and analysis. BILL TULSKIE is Senior Engineer in the Manufactur­ing Research Department at the IBM T. 
J. Watson Research Center. He received a BSEE from Drexel Uni­versity. He was awarded an MS in Engineering 
and the title Moore Fellow in the Management of Technology from the University of Pennsylvania. He has 
worked in research and production engineering while at Litton Sys­tems, and in marketing and systems 
engineering at IBM. His research interests include business process modeling and simulation, supply chain 
management, and product life cycles and substitution dynamics.  
			
]]
