./main
[0] test:data/orbz_sec/Antialiased ray tracing by adaptive progressive refinement.txt#################################RECEIVE:30549
#################################RECEIVE:30899
#################################RECEIVE:31149
#################################RECEIVE:31349
#################################RECEIVE:31409
#################################RECEIVE:31532
#################################RECEIVE:31661
#################################RECEIVE:31730
#################################RECEIVE:31846
[+]#################################RECEIVE:31913
#################################RECEIVE:32045
#################################RECEIVE:32116
#################################RECEIVE:32216
#################################RECEIVE:32277
#################################RECEIVE:32452
#################################RECEIVE:32515
#################################RECEIVE:32652
#################################RECEIVE:32791
#################################RECEIVE:32845
#################################RECEIVE:32992
#################################RECEIVE:33048
#################################RECEIVE:33328
#################################RECEIVE:33461
#################################RECEIVE:0
[+][+]O:30481
O:30490
O:30549
O:30554
O:30713
O:30890
O:30899
O:30983
O:31141
O:31149
O:31340
O:31349
O:31409
O:31414
O:31523
O:31532
O:31651
O:31661
O:31730
O:31735
O:31772
O:31836
O:31846
O:31913
O:31919
O:32036
O:32045
O:32116
O:32121
O:32206
O:32216
O:32277
O:32282
O:32443
O:32452
O:32515
O:32520
O:32652
O:32664
O:32782
O:32791
O:32845
O:32850
O:32982
O:32992
O:33048
O:33053
O:33198
O:33318
O:33328
O:33441
O:33451
O:33461
O:33591
O:33625
O:34333
............................................................ [done]
done 
 total : 1
svm_learn -c 0.1 train.txt
Scanning examples...done
Reading examples into memory...OK. (0 examples read)
Optimizing.done. (2 iterations)
Optimization finished (0 misclassified, maxdiff=0.00000).
Runtime in cpu-seconds: 0.00
Number of SV: 0 (including 0 at upper bound)
L1 loss: loss=0.00000
Norm of weight vector: |w|=0.00000
Norm of longest example vector: |x|=0.00000
Estimated VCdim of classifier: VCdim<=1.00000
Computing XiAlpha-estimates...done
Runtime for XiAlpha-estimates in cpu-seconds: 0.00
XiAlpha-estimate of the error: error<=-nan% (rho=1.00,depth=0)
XiAlpha-estimate of the recall: recall=>-nan% (rho=1.00,depth=0)
XiAlpha-estimate of the precision: precision=>-nan% (rho=1.00,depth=0)
Number of kernel evaluations: 0
Writing model file...done
svm_classify test.txt svm_model 
Reading model...OK. (0 support vectors read)
Classifying test examples..done
Runtime (without IO) in cpu-seconds: 0.00
Accuracy on test set: 98.25% (56 correct, 1 incorrect, 57 total)
Precision/recall on test set: -nan%/0.00%
