data/orbz_sec/Antialiasing of interlaced video animation.txt 
17:0.50775143
-1 1:1 2:0 3:0 4:0 5:0 6:0 7:0 8:0 9:1 10:0 11:0 12:0 13:0 14:1 15:0 16:0 17:0 18:0 19:0 20:0 21:0 22:0 23:0 24:0 25:0 26:0 27:0 28:0 29:0 30:0 31:0 32:0 33:0 34:0 35:0 36:0 37:0 38:0 39:0 40:0 41:0 42:0 43:0 44:0 45:0 46:0 47:0 48:0 49:0 50:0 51:1 52:-1 53:1 54:1 55:1 56:1 57:-1 58:1 59:1 60:1 61:1 62:1 63:-1 64:-1 65:1 66:1 67:1 68:1 69:1 70:1 71:1 72:1 73:-1 74:-1 75:-1 76:-1 77:-1 78:1 79:1 80:-1 81:-1 82:1 83:1  #23054

data/orbz_sec/Analysis of replicated data algorithms on processor array architectures.txt 
13:-1.0015045
+1 1:1 2:0 3:0 4:0 5:0 6:0 7:1 8:0 9:1 10:0 11:1 12:0 13:0 14:1 15:0 16:0 17:0 18:0 19:0 20:0 21:0 22:0 23:0 24:0 25:0 26:0 27:0 28:0 29:0 30:0 31:0 32:0 33:0 34:0 35:0 36:0 37:0 38:0 39:0 40:0 41:0 42:0 43:0 44:0 45:0 46:0 47:0 48:0 49:0 50:0 51:-1 52:-1 53:1 54:-1 55:1 56:1 57:1 58:1 59:1 60:1 61:-1 62:-1 63:-1 64:-1 65:1 66:-1 67:-1 68:-1 69:-1 70:-1 71:1 72:-1 73:-1 74:-1 75:-1 76:1 77:1 78:1 79:1 80:-1 81:-1 82:1 83:1  #34684

data/orbz_sec/An approach to integrating and creating flexible software environments supporting the design of complex systems.txt 
22:-0.99631663
+1 1:1 2:0 3:0 4:0 5:0 6:0 7:0 8:1 9:0 10:0 11:0 12:1 13:0 14:1 15:0 16:0 17:0 18:0 19:1 20:0 21:0 22:1 23:0 24:0 25:0 26:0 27:0 28:0 29:0 30:0 31:0 32:0 33:0 34:0 35:0 36:0 37:0 38:0 39:0 40:0 41:0 42:0 43:0 44:0 45:0 46:0 47:0 48:0 49:0 50:0 51:1 52:-1 53:1 54:-1 55:1 56:1 57:1 58:1 59:1 60:1 61:-1 62:-1 63:1 64:-1 65:1 66:-1 67:-1 68:-1 69:-1 70:-1 71:-1 72:-1 73:-1 74:-1 75:-1 76:1 77:1 78:1 79:1 80:-1 81:-1 82:0 83:0  #23581

data/orbz_sec/An algorithm to compute the Minkowski sum outer-face of two simple polygons.txt 
8:-1.0004412
+1 1:1 2:0 3:0 4:0 5:0 6:0 7:0 8:0 9:1 10:0 11:0 12:1 13:0 14:1 15:0 16:0 17:0 18:0 19:0 20:0 21:0 22:0 23:0 24:0 25:0 26:0 27:0 28:0 29:0 30:0 31:0 32:0 33:0 34:0 35:0 36:0 37:0 38:0 39:0 40:0 41:0 42:0 43:0 44:0 45:0 46:0 47:0 48:0 49:0 50:0 51:1 52:-1 53:1 54:-1 55:1 56:1 57:-1 58:1 59:-1 60:1 61:1 62:-1 63:-1 64:-1 65:-1 66:-1 67:1 68:-1 69:1 70:1 71:1 72:1 73:-1 74:1 75:-1 76:-1 77:1 78:1 79:1 80:-1 81:-1 82:1 83:1  #29264

data/orbz_sec/An algorithm for shading of regions on vector display devices.txt 
39:-0.99957558
+1 1:1 2:0 3:0 4:0 5:0 6:1 7:0 8:1 9:0 10:0 11:1 12:0 13:0 14:1 15:0 16:0 17:0 18:0 19:0 20:0 21:0 22:0 23:0 24:0 25:0 26:0 27:0 28:0 29:0 30:0 31:0 32:0 33:0 34:0 35:0 36:0 37:0 38:0 39:0 40:0 41:0 42:0 43:0 44:0 45:0 46:0 47:0 48:0 49:0 50:0 51:-1 52:-1 53:-1 54:-1 55:1 56:1 57:1 58:1 59:1 60:1 61:1 62:1 63:-1 64:-1 65:-1 66:-1 67:1 68:1 69:1 70:1 71:1 72:-1 73:-1 74:-1 75:-1 76:-1 77:-1 78:1 79:1 80:1 81:1 82:1 83:1  #30361

data/orbz_sec/An almost regenerative simulation of video teleconferencing traffic.txt 
28:-1.002396
+1 1:1 2:0 3:0 4:0 5:0 6:0 7:1 8:0 9:0 10:0 11:1 12:0 13:0 14:1 15:0 16:0 17:0 18:0 19:0 20:0 21:0 22:0 23:0 24:0 25:0 26:0 27:0 28:0 29:0 30:0 31:0 32:0 33:0 34:0 35:0 36:0 37:0 38:0 39:0 40:0 41:0 42:0 43:0 44:0 45:0 46:0 47:0 48:0 49:0 50:0 51:1 52:-1 53:1 54:1 55:1 56:1 57:1 58:1 59:1 60:1 61:-1 62:-1 63:1 64:-1 65:1 66:1 67:-1 68:-1 69:-1 70:-1 71:-1 72:-1 73:-1 74:-1 75:-1 76:1 77:1 78:1 79:1 80:-1 81:-1 82:0 83:0  #26857

data/orbz_sec/Analyzing security protocols with secrecy types and logic programs.txt 
48:-2.9994735
+1 1:1 2:0 3:0 4:0 5:0 6:0 7:1 8:0 9:1 10:0 11:1 12:0 13:0 14:1 15:0 16:0 17:0 18:0 19:0 20:0 21:0 22:0 23:0 24:0 25:0 26:0 27:0 28:0 29:0 30:0 31:0 32:0 33:0 34:0 35:0 36:0 37:0 38:0 39:0 40:0 41:0 42:0 43:0 44:0 45:0 46:0 47:0 48:0 49:0 50:0 51:-1 52:-1 53:-1 54:-1 55:1 56:1 57:1 58:1 59:1 60:1 61:-1 62:-1 63:-1 64:-1 65:-1 66:-1 67:-1 68:-1 69:-1 70:-1 71:1 72:-1 73:-1 74:-1 75:-1 76:1 77:1 78:1 79:1 80:-1 81:-1 82:0 83:0  #49283

data/orbz_sec/Animating wrinkles on clothes.txt 
18:-1.0010529
+1 1:1 2:0 3:0 4:0 5:0 6:0 7:1 8:0 9:1 10:0 11:1 12:0 13:0 14:1 15:0 16:0 17:0 18:0 19:0 20:0 21:0 22:0 23:0 24:0 25:0 26:0 27:0 28:0 29:0 30:0 31:0 32:0 33:0 34:0 35:0 36:0 37:0 38:0 39:0 40:0 41:0 42:0 43:0 44:0 45:0 46:0 47:0 48:0 49:0 50:0 51:-1 52:-1 53:1 54:-1 55:1 56:1 57:1 58:1 59:-1 60:1 61:-1 62:-1 63:-1 64:-1 65:-1 66:-1 67:-1 68:-1 69:1 70:1 71:1 72:-1 73:-1 74:1 75:-1 76:1 77:1 78:1 79:1 80:-1 81:-1 82:1 83:1  #28892

data/orbz_sec/An application of perturbation analysis to a replacement problem in maintenance theory.txt 
22:-0.99925809
+1 1:1 2:0 3:0 4:0 5:0 6:0 7:0 8:0 9:0 10:0 11:0 12:1 13:0 14:1 15:0 16:0 17:0 18:0 19:1 20:0 21:0 22:1 23:0 24:0 25:0 26:0 27:0 28:0 29:0 30:0 31:0 32:0 33:0 34:0 35:0 36:0 37:0 38:0 39:0 40:0 41:0 42:0 43:0 44:0 45:0 46:0 47:0 48:0 49:0 50:0 51:1 52:-1 53:1 54:1 55:1 56:1 57:1 58:1 59:1 60:1 61:-1 62:-1 63:1 64:-1 65:1 66:1 67:-1 68:-1 69:-1 70:-1 71:1 72:-1 73:-1 74:-1 75:-1 76:1 77:1 78:1 79:1 80:-1 81:-1 82:0 83:0  #27718

data/orbz_sec/Analytic antialiasing with prism splines.txt 
17:-0.99924457
+1 1:1 2:0 3:0 4:0 5:0 6:0 7:1 8:0 9:1 10:0 11:1 12:0 13:0 14:1 15:0 16:0 17:0 18:0 19:0 20:0 21:0 22:0 23:0 24:0 25:0 26:0 27:0 28:0 29:0 30:0 31:0 32:0 33:0 34:0 35:0 36:0 37:0 38:0 39:0 40:0 41:0 42:0 43:0 44:0 45:0 46:0 47:0 48:0 49:0 50:0 51:-1 52:-1 53:1 54:-1 55:1 56:1 57:1 58:1 59:1 60:1 61:1 62:-1 63:-1 64:-1 65:1 66:-1 67:1 68:-1 69:-1 70:1 71:-1 72:-1 73:-1 74:-1 75:-1 76:-1 77:1 78:1 79:1 80:-1 81:-1 82:1 83:1  #39271

data/orbz_sec/An approach to ranking and selection for multiple performance measures.txt 
25:-1.4923728
+1 1:1 2:0 3:0 4:0 5:0 6:0 7:1 8:0 9:0 10:0 11:0 12:0 13:0 14:1 15:0 16:0 17:0 18:0 19:0 20:0 21:0 22:0 23:0 24:0 25:0 26:0 27:0 28:0 29:0 30:0 31:0 32:0 33:0 34:0 35:0 36:0 37:0 38:0 39:0 40:0 41:0 42:0 43:0 44:0 45:0 46:0 47:0 48:0 49:0 50:0 51:1 52:-1 53:1 54:1 55:1 56:1 57:1 58:1 59:1 60:1 61:-1 62:-1 63:1 64:-1 65:1 66:1 67:-1 68:-1 69:-1 70:-1 71:1 72:-1 73:-1 74:-1 75:-1 76:1 77:1 78:1 79:1 80:1 81:1 82:0 83:0  #27281

data/orbz_sec/An approach to ranking and selection for multiple performance measures.txt 
35:0.99999145
-1 1:1 2:0 3:0 4:0 5:0 6:0 7:1 8:1 9:0 10:0 11:1 12:0 13:0 14:1 15:0 16:0 17:0 18:0 19:0 20:0 21:0 22:0 23:0 24:0 25:0 26:0 27:0 28:0 29:0 30:0 31:0 32:0 33:0 34:0 35:0 36:0 37:0 38:0 39:0 40:0 41:0 42:0 43:0 44:0 45:0 46:0 47:0 48:0 49:0 50:0 51:-1 52:-1 53:1 54:-1 55:1 56:1 57:1 58:1 59:1 60:1 61:1 62:1 63:-1 64:-1 65:1 66:-1 67:1 68:1 69:1 70:1 71:1 72:-1 73:-1 74:-1 75:-1 76:-1 77:-1 78:1 79:1 80:1 81:1 82:1 83:1  #29062

data/orbz_sec/An anthropometric face model using variational techniques.txt 
36:-0.99962202
+1 1:1 2:0 3:0 4:0 5:0 6:0 7:1 8:0 9:1 10:0 11:1 12:0 13:0 14:1 15:0 16:0 17:0 18:0 19:0 20:0 21:0 22:0 23:0 24:0 25:0 26:0 27:0 28:0 29:0 30:0 31:0 32:0 33:0 34:0 35:0 36:0 37:0 38:0 39:0 40:0 41:0 42:0 43:0 44:0 45:0 46:0 47:0 48:0 49:0 50:0 51:-1 52:-1 53:1 54:-1 55:1 56:1 57:1 58:1 59:1 60:1 61:-1 62:-1 63:-1 64:-1 65:1 66:-1 67:-1 68:-1 69:-1 70:1 71:1 72:-1 73:-1 74:-1 75:-1 76:1 77:1 78:1 79:1 80:-1 81:-1 82:0 83:1  #47255

data/orbz_sec/An anthropometric face model using variational techniques.txt 
39:0.99999145
-1 1:1 2:0 3:0 4:0 5:0 6:0 7:1 8:1 9:0 10:0 11:1 12:0 13:0 14:1 15:0 16:0 17:0 18:0 19:0 20:0 21:0 22:0 23:0 24:0 25:0 26:0 27:0 28:0 29:0 30:0 31:0 32:0 33:0 34:0 35:0 36:0 37:0 38:0 39:0 40:0 41:0 42:0 43:0 44:0 45:0 46:0 47:0 48:0 49:0 50:0 51:-1 52:-1 53:1 54:-1 55:1 56:1 57:1 58:1 59:1 60:1 61:1 62:1 63:-1 64:-1 65:1 66:-1 67:1 68:1 69:1 70:1 71:1 72:-1 73:-1 74:-1 75:-1 76:-1 77:-1 78:1 79:1 80:1 81:1 82:1 83:1  #47370

data/orbz_sec/Analytical modelling of a hierarchical buffer for a data sharing environment.txt 
20:-1.4939313
+1 1:1 2:0 3:0 4:0 5:0 6:0 7:1 8:0 9:0 10:0 11:0 12:0 13:0 14:1 15:0 16:0 17:0 18:0 19:0 20:0 21:0 22:0 23:0 24:0 25:0 26:0 27:0 28:0 29:0 30:0 31:0 32:0 33:0 34:0 35:0 36:0 37:0 38:0 39:0 40:0 41:0 42:0 43:0 44:0 45:0 46:0 47:0 48:0 49:0 50:0 51:1 52:-1 53:1 54:-1 55:1 56:1 57:1 58:1 59:-1 60:1 61:-1 62:-1 63:1 64:-1 65:-1 66:-1 67:-1 68:-1 69:1 70:1 71:1 72:-1 73:-1 74:1 75:-1 76:1 77:1 78:1 79:1 80:1 81:1 82:1 83:1  #58801

data/orbz_sec/An algorithm for structuring programs (Extended Abstract).txt 
14:-1.4937587
+1 1:1 2:0 3:0 4:0 5:0 6:0 7:0 8:0 9:0 10:0 11:0 12:0 13:0 14:1 15:0 16:0 17:0 18:0 19:0 20:0 21:0 22:0 23:0 24:0 25:0 26:0 27:0 28:0 29:0 30:0 31:0 32:0 33:0 34:0 35:0 36:0 37:0 38:0 39:0 40:0 41:0 42:0 43:0 44:0 45:0 46:0 47:0 48:0 49:0 50:0 51:1 52:-1 53:1 54:1 55:1 56:1 57:1 58:1 59:-1 60:1 61:-1 62:-1 63:1 64:-1 65:-1 66:1 67:-1 68:-1 69:-1 70:-1 71:-1 72:-1 73:-1 74:1 75:-1 76:1 77:1 78:1 79:1 80:-1 81:-1 82:1 83:1  #34355

data/orbz_sec/An algorithm for structuring programs (Extended Abstract).txt 
15:0.50687787
-1 1:1 2:0 3:0 4:0 5:0 6:0 7:0 8:0 9:1 10:0 11:0 12:0 13:0 14:1 15:0 16:0 17:0 18:0 19:0 20:0 21:0 22:0 23:0 24:0 25:0 26:0 27:0 28:0 29:0 30:0 31:0 32:0 33:0 34:0 35:0 36:0 37:0 38:0 39:0 40:0 41:0 42:0 43:0 44:0 45:0 46:0 47:0 48:0 49:0 50:0 51:1 52:-1 53:1 54:-1 55:1 56:1 57:-1 58:1 59:-1 60:1 61:1 62:1 63:-1 64:-1 65:-1 66:-1 67:1 68:1 69:1 70:1 71:1 72:1 73:-1 74:1 75:-1 76:-1 77:-1 78:1 79:1 80:-1 81:-1 82:1 83:1  #34504

data/orbz_sec/Anticipatory instruction scheduling.txt 
23:-0.99943063
+1 1:1 2:0 3:0 4:0 5:0 6:0 7:0 8:1 9:0 10:0 11:1 12:0 13:0 14:1 15:0 16:0 17:0 18:1 19:0 20:0 21:1 22:0 23:0 24:0 25:0 26:0 27:0 28:0 29:0 30:0 31:0 32:0 33:0 34:0 35:0 36:0 37:0 38:0 39:0 40:0 41:0 42:0 43:0 44:0 45:0 46:0 47:0 48:0 49:0 50:0 51:1 52:-1 53:-1 54:-1 55:1 56:1 57:1 58:1 59:1 60:1 61:1 62:1 63:1 64:-1 65:-1 66:-1 67:1 68:1 69:1 70:1 71:1 72:-1 73:-1 74:-1 75:-1 76:-1 77:-1 78:1 79:1 80:1 81:1 82:1 83:1  #49003

data/orbz_sec/Analysis of material handling equipment for Maritime Prepositioning Ships (MPS) instream offload.txt 
13:-1.0031926
+1 1:1 2:0 3:0 4:0 5:0 6:0 7:0 8:0 9:0 10:0 11:1 12:0 13:0 14:1 15:0 16:0 17:0 18:0 19:0 20:0 21:0 22:0 23:0 24:0 25:0 26:0 27:0 28:0 29:0 30:0 31:0 32:0 33:0 34:0 35:0 36:0 37:0 38:0 39:0 40:0 41:0 42:0 43:0 44:0 45:0 46:0 47:0 48:0 49:0 50:0 51:-1 52:-1 53:1 54:-1 55:1 56:1 57:1 58:1 59:1 60:1 61:-1 62:-1 63:-1 64:-1 65:1 66:-1 67:-1 68:-1 69:-1 70:-1 71:-1 72:-1 73:-1 74:-1 75:-1 76:1 77:1 78:1 79:1 80:-1 81:-1 82:0 83:0  #26366

data/orbz_sec/Analysis of material handling equipment for Maritime Prepositioning Ships (MPS) instream offload.txt 
14:-1.0031926
+1 1:1 2:0 3:0 4:0 5:0 6:0 7:0 8:0 9:0 10:0 11:1 12:0 13:0 14:1 15:0 16:0 17:0 18:0 19:0 20:0 21:0 22:0 23:0 24:0 25:0 26:0 27:0 28:0 29:0 30:0 31:0 32:0 33:0 34:0 35:0 36:0 37:0 38:0 39:0 40:0 41:0 42:0 43:0 44:0 45:0 46:0 47:0 48:0 49:0 50:0 51:-1 52:-1 53:1 54:-1 55:1 56:1 57:1 58:1 59:1 60:1 61:-1 62:-1 63:-1 64:-1 65:1 66:-1 67:-1 68:-1 69:-1 70:-1 71:-1 72:-1 73:-1 74:-1 75:-1 76:1 77:1 78:1 79:1 80:-1 81:-1 82:0 83:0  #26369

data/orbz_sec/An application of color graphics to the display of surface curvature.txt 
8:-1.0036443
+1 1:1 2:0 3:0 4:0 5:0 6:0 7:0 8:0 9:0 10:0 11:1 12:0 13:0 14:1 15:0 16:0 17:0 18:0 19:0 20:0 21:0 22:0 23:0 24:0 25:0 26:0 27:0 28:0 29:0 30:0 31:0 32:0 33:0 34:0 35:0 36:0 37:0 38:0 39:0 40:0 41:0 42:0 43:0 44:0 45:0 46:0 47:0 48:0 49:0 50:0 51:-1 52:-1 53:1 54:1 55:1 56:1 57:1 58:1 59:1 60:1 61:-1 62:-1 63:-1 64:-1 65:1 66:1 67:-1 68:-1 69:1 70:1 71:1 72:-1 73:-1 74:-1 75:-1 76:1 77:1 78:1 79:1 80:1 81:1 82:1 83:1  #20540

data/orbz_sec/An application of color graphics to the display of surface curvature.txt 
14:0.99999145
-1 1:1 2:0 3:0 4:0 5:0 6:0 7:0 8:1 9:0 10:0 11:1 12:0 13:0 14:1 15:0 16:0 17:0 18:0 19:0 20:0 21:0 22:0 23:0 24:0 25:0 26:0 27:0 28:0 29:0 30:0 31:0 32:0 33:0 34:0 35:0 36:0 37:0 38:0 39:0 40:0 41:0 42:0 43:0 44:0 45:0 46:0 47:0 48:0 49:0 50:0 51:-1 52:-1 53:1 54:-1 55:1 56:1 57:1 58:1 59:1 60:1 61:1 62:1 63:-1 64:-1 65:1 66:-1 67:1 68:1 69:1 70:1 71:1 72:-1 73:-1 74:-1 75:-1 76:-1 77:-1 78:1 79:1 80:1 81:1 82:1 83:1  #22763

data/orbz_sec/An agent-based flexible routing manufacturing control simulation system.txt 
9:-1.0031852
+1 1:1 2:0 3:0 4:0 5:0 6:0 7:1 8:0 9:0 10:0 11:0 12:1 13:0 14:1 15:0 16:0 17:0 18:0 19:1 20:0 21:0 22:1 23:0 24:0 25:0 26:0 27:0 28:0 29:0 30:0 31:0 32:0 33:0 34:0 35:0 36:0 37:0 38:0 39:0 40:0 41:0 42:0 43:0 44:0 45:0 46:0 47:0 48:0 49:0 50:0 51:-1 52:-1 53:1 54:-1 55:1 56:1 57:-1 58:1 59:1 60:1 61:-1 62:-1 63:-1 64:-1 65:1 66:-1 67:-1 68:-1 69:-1 70:-1 71:-1 72:1 73:-1 74:-1 75:-1 76:1 77:1 78:1 79:1 80:-1 81:-1 82:0 83:0  #31081

data/orbz_sec/An agent-based flexible routing manufacturing control simulation system.txt 
17:0.99999145
-1 1:1 2:0 3:0 4:0 5:0 6:0 7:1 8:1 9:0 10:0 11:1 12:0 13:0 14:1 15:0 16:0 17:0 18:0 19:0 20:0 21:0 22:0 23:0 24:0 25:0 26:0 27:0 28:0 29:0 30:0 31:0 32:0 33:0 34:0 35:0 36:0 37:0 38:0 39:0 40:0 41:0 42:0 43:0 44:0 45:0 46:0 47:0 48:0 49:0 50:0 51:-1 52:-1 53:1 54:-1 55:1 56:1 57:1 58:1 59:1 60:1 61:1 62:1 63:-1 64:-1 65:1 66:-1 67:1 68:1 69:1 70:1 71:1 72:-1 73:-1 74:-1 75:-1 76:-1 77:-1 78:1 79:1 80:1 81:1 82:1 83:1  #32544

data/orbz_sec/Analysis of superposition of streams into a cache buffer.txt 
11:-0.99941067
+1 1:1 2:0 3:0 4:0 5:0 6:0 7:0 8:1 9:0 10:0 11:1 12:0 13:0 14:1 15:0 16:0 17:0 18:0 19:0 20:0 21:0 22:0 23:0 24:0 25:0 26:0 27:0 28:0 29:0 30:0 31:0 32:0 33:0 34:0 35:0 36:0 37:0 38:0 39:0 40:0 41:0 42:0 43:0 44:0 45:0 46:0 47:0 48:0 49:0 50:0 51:-1 52:-1 53:-1 54:-1 55:1 56:1 57:1 58:1 59:1 60:1 61:1 62:1 63:-1 64:-1 65:-1 66:-1 67:1 68:1 69:1 70:1 71:1 72:-1 73:-1 74:-1 75:-1 76:-1 77:-1 78:1 79:1 80:1 81:1 82:1 83:1  #21780

data/orbz_sec/Animating rotation with quaternion curves.txt 
34:-1.0007489
+1 1:1 2:0 3:0 4:0 5:0 6:0 7:1 8:0 9:1 10:0 11:1 12:0 13:0 14:1 15:0 16:0 17:0 18:0 19:0 20:0 21:0 22:0 23:0 24:0 25:0 26:0 27:0 28:0 29:0 30:0 31:0 32:0 33:0 34:0 35:0 36:0 37:0 38:0 39:0 40:0 41:0 42:0 43:0 44:0 45:0 46:0 47:0 48:0 49:0 50:0 51:-1 52:-1 53:1 54:-1 55:1 56:1 57:1 58:1 59:1 60:1 61:-1 62:-1 63:-1 64:-1 65:1 66:-1 67:-1 68:-1 69:1 70:1 71:1 72:-1 73:-1 74:-1 75:-1 76:1 77:1 78:1 79:1 80:1 81:1 82:1 83:1  #36483

data/orbz/An interpreter generator using tree pattern matching.txt 
16:-0.99883364
+1 1:1 2:0 3:0 4:0 5:0 6:0 7:0 8:1 9:0 10:0 11:0 12:1 13:0 14:1 15:0 16:0 17:0 18:0 19:1 20:0 21:0 22:1 23:0 24:0 25:0 26:0 27:0 28:0 29:0 30:0 31:0 32:0 33:0 34:0 35:0 36:0 37:0 38:0 39:0 40:0 41:0 42:0 43:0 44:0 45:0 46:0 47:0 48:0 49:0 50:0 51:1 52:-1 53:-1 54:1 55:1 56:1 57:-1 58:1 59:1 60:1 61:1 62:1 63:-1 64:-1 65:-1 66:1 67:1 68:1 69:1 70:1 71:1 72:1 73:-1 74:-1 75:-1 76:-1 77:-1 78:1 79:1 80:-1 81:-1 82:1 83:1  #38131

data/orbz/An object-oriented environment for fast simulation using compiler techniques.txt 
11:-1.0035364
+1 1:1 2:0 3:0 4:0 5:0 6:0 7:1 8:0 9:0 10:0 11:1 12:0 13:0 14:1 15:0 16:0 17:0 18:0 19:0 20:0 21:0 22:0 23:0 24:0 25:0 26:0 27:0 28:0 29:0 30:0 31:0 32:0 33:0 34:0 35:0 36:0 37:0 38:0 39:0 40:0 41:0 42:0 43:0 44:0 45:0 46:0 47:0 48:0 49:0 50:0 51:-1 52:-1 53:1 54:-1 55:1 56:1 57:1 58:1 59:1 60:1 61:-1 62:-1 63:-1 64:-1 65:1 66:-1 67:-1 68:-1 69:-1 70:-1 71:1 72:-1 73:-1 74:-1 75:-1 76:1 77:1 78:1 79:1 80:1 81:1 82:0 83:0  #27187

data/orbz/An investigation  of geographic mapping techniques for internet hosts.txt 
9:-0.99883364
+1 1:1 2:0 3:0 4:0 5:0 6:0 7:0 8:1 9:0 10:0 11:1 12:0 13:0 14:1 15:0 16:0 17:0 18:0 19:0 20:0 21:0 22:0 23:0 24:0 25:0 26:0 27:0 28:0 29:0 30:0 31:0 32:0 33:0 34:0 35:0 36:0 37:0 38:0 39:0 40:0 41:0 42:0 43:0 44:0 45:0 46:0 47:0 48:0 49:0 50:0 51:-1 52:-1 53:-1 54:1 55:1 56:1 57:1 58:1 59:1 60:1 61:1 62:1 63:-1 64:-1 65:-1 66:1 67:1 68:1 69:1 70:1 71:1 72:-1 73:-1 74:-1 75:-1 76:-1 77:-1 78:1 79:1 80:1 81:1 82:1 83:1  #63610

data/orbz/An introduction to simulation modeling.txt 
43:-0.99973736
+1 1:1 2:0 3:0 4:0 5:0 6:1 7:0 8:1 9:0 10:0 11:1 12:0 13:0 14:1 15:0 16:0 17:0 18:0 19:0 20:0 21:0 22:0 23:0 24:0 25:0 26:0 27:0 28:0 29:0 30:0 31:0 32:0 33:0 34:0 35:0 36:0 37:0 38:0 39:0 40:0 41:0 42:0 43:0 44:0 45:0 46:0 47:0 48:0 49:0 50:0 51:1 52:-1 53:1 54:1 55:1 56:1 57:1 58:1 59:1 60:1 61:-1 62:-1 63:1 64:-1 65:1 66:1 67:-1 68:-1 69:-1 70:-1 71:1 72:-1 73:-1 74:-1 75:-1 76:1 77:1 78:1 79:1 80:1 81:1 82:0 83:0  #31292

data/orbz/An investigation of the career path of the EDP professional.txt 
16:-1.4928349
+1 1:1 2:0 3:0 4:0 5:0 6:0 7:1 8:0 9:1 10:0 11:0 12:0 13:0 14:1 15:0 16:0 17:0 18:0 19:0 20:0 21:0 22:0 23:0 24:0 25:0 26:0 27:0 28:0 29:0 30:0 31:0 32:0 33:0 34:0 35:0 36:0 37:0 38:0 39:0 40:0 41:0 42:0 43:0 44:0 45:0 46:0 47:0 48:0 49:0 50:0 51:1 52:-1 53:1 54:-1 55:1 56:1 57:-1 58:1 59:1 60:1 61:-1 62:-1 63:-1 64:-1 65:1 66:-1 67:-1 68:-1 69:-1 70:-1 71:-1 72:1 73:-1 74:-1 75:-1 76:1 77:1 78:1 79:1 80:-1 81:-1 82:0 83:0  #29148

data/orbz/An overview of HLTs for South African Bantu languages.txt 
22:-0.99940246
+1 1:1 2:0 3:0 4:0 5:0 6:0 7:0 8:0 9:1 10:0 11:1 12:0 13:0 14:1 15:0 16:0 17:0 18:0 19:0 20:0 21:0 22:0 23:0 24:0 25:0 26:0 27:0 28:0 29:0 30:0 31:0 32:0 33:0 34:0 35:0 36:0 37:0 38:0 39:0 40:0 41:0 42:0 43:0 44:0 45:0 46:0 47:0 48:0 49:0 50:0 51:1 52:-1 53:1 54:-1 55:1 56:1 57:1 58:1 59:1 60:1 61:-1 62:-1 63:1 64:-1 65:1 66:-1 67:-1 68:-1 69:-1 70:1 71:1 72:-1 73:-1 74:-1 75:-1 76:1 77:1 78:1 79:1 80:-1 81:-1 82:0 83:1  #25582

data/orbz/An overview of HLTs for South African Bantu languages.txt 
23:0.99999145
-1 1:1 2:0 3:0 4:0 5:0 6:0 7:0 8:1 9:0 10:0 11:1 12:0 13:0 14:1 15:0 16:0 17:0 18:0 19:0 20:0 21:0 22:0 23:0 24:0 25:0 26:0 27:0 28:0 29:0 30:0 31:0 32:0 33:0 34:0 35:0 36:0 37:0 38:0 39:0 40:0 41:0 42:0 43:0 44:0 45:0 46:0 47:0 48:0 49:0 50:0 51:-1 52:-1 53:1 54:-1 55:1 56:1 57:1 58:1 59:1 60:1 61:1 62:1 63:-1 64:-1 65:1 66:-1 67:1 68:1 69:1 70:1 71:1 72:-1 73:-1 74:-1 75:-1 76:-1 77:-1 78:1 79:1 80:1 81:1 82:1 83:1  #25729

data/orbz/An inversion algorithm for geometric models.txt 
12:-0.9993007
+1 1:1 2:0 3:0 4:0 5:0 6:1 7:0 8:0 9:1 10:0 11:1 12:0 13:0 14:1 15:0 16:0 17:0 18:0 19:0 20:0 21:0 22:0 23:0 24:0 25:0 26:0 27:0 28:0 29:0 30:0 31:0 32:0 33:0 34:0 35:0 36:0 37:0 38:0 39:0 40:0 41:0 42:0 43:0 44:0 45:0 46:0 47:0 48:0 49:0 50:0 51:-1 52:-1 53:1 54:1 55:1 56:1 57:1 58:1 59:1 60:1 61:-1 62:-1 63:-1 64:-1 65:1 66:1 67:-1 68:-1 69:-1 70:-1 71:-1 72:-1 73:-1 74:-1 75:-1 76:1 77:1 78:1 79:1 80:1 81:1 82:0 83:0  #34103

data/orbz/Analysis and simulation of passenger flows in an airport terminal.txt 
2:-0.99961314
+1 1:1 2:0 3:0 4:0 5:0 6:1 7:0 8:1 9:0 10:0 11:1 12:0 13:0 14:1 15:0 16:0 17:0 18:0 19:0 20:0 21:0 22:0 23:0 24:0 25:0 26:0 27:0 28:0 29:0 30:0 31:0 32:0 33:0 34:0 35:0 36:0 37:0 38:0 39:0 40:0 41:0 42:0 43:0 44:0 45:0 46:0 47:0 48:0 49:0 50:0 51:-1 52:-1 53:1 54:1 55:1 56:1 57:1 58:1 59:1 60:1 61:-1 62:-1 63:-1 64:-1 65:1 66:1 67:-1 68:-1 69:-1 70:-1 71:-1 72:-1 73:-1 74:-1 75:-1 76:1 77:1 78:1 79:1 80:-1 81:-1 82:0 83:0  #22363

data/orbz/An object-oriented approach to algorithm visualization&#8212;easy, extensible, and dynamic.txt 
13:-0.99941067
+1 1:1 2:0 3:0 4:0 5:0 6:0 7:0 8:1 9:0 10:0 11:0 12:1 13:0 14:1 15:0 16:0 17:0 18:0 19:1 20:0 21:0 22:1 23:0 24:0 25:0 26:0 27:0 28:0 29:0 30:0 31:0 32:0 33:0 34:0 35:0 36:0 37:0 38:0 39:0 40:0 41:0 42:0 43:0 44:0 45:0 46:0 47:0 48:0 49:0 50:0 51:-1 52:-1 53:-1 54:-1 55:1 56:1 57:-1 58:1 59:1 60:1 61:1 62:1 63:-1 64:-1 65:-1 66:-1 67:1 68:1 69:1 70:1 71:1 72:1 73:-1 74:-1 75:-1 76:-1 77:-1 78:1 79:1 80:-1 81:-1 82:1 83:1  #24788

data/orbz/An introduction to simulation using ProSim for business process simulation and analysis.txt 
16:-1.002972
+1 1:1 2:0 3:0 4:0 5:0 6:0 7:0 8:0 9:0 10:0 11:1 12:0 13:0 14:1 15:0 16:0 17:0 18:0 19:0 20:0 21:0 22:0 23:0 24:0 25:0 26:0 27:0 28:0 29:0 30:0 31:0 32:0 33:0 34:0 35:0 36:0 37:0 38:0 39:0 40:0 41:0 42:0 43:0 44:0 45:0 46:0 47:0 48:0 49:0 50:0 51:-1 52:-1 53:1 54:-1 55:1 56:1 57:1 58:1 59:1 60:1 61:1 62:-1 63:-1 64:-1 65:1 66:-1 67:1 68:-1 69:-1 70:-1 71:-1 72:-1 73:-1 74:-1 75:-1 76:-1 77:1 78:1 79:1 80:-1 81:-1 82:0 83:0  #22556

data/orbz/An overview of CIM enterprise modeling methodologies.txt 
33:-1.4959239
+1 1:1 2:0 3:0 4:0 5:0 6:0 7:1 8:0 9:0 10:0 11:0 12:0 13:0 14:1 15:0 16:0 17:0 18:0 19:0 20:0 21:0 22:0 23:0 24:0 25:0 26:0 27:0 28:0 29:0 30:0 31:0 32:0 33:0 34:0 35:0 36:0 37:0 38:0 39:0 40:0 41:0 42:0 43:0 44:0 45:0 46:0 47:0 48:0 49:0 50:0 51:1 52:-1 53:1 54:1 55:1 56:1 57:1 58:1 59:-1 60:-1 61:-1 62:-1 63:1 64:-1 65:-1 66:-1 67:-1 68:-1 69:-1 70:-1 71:-1 72:-1 73:-1 74:1 75:1 76:1 77:1 78:1 79:1 80:-1 81:-1 82:0 83:1  #31757

data/orbz/An undergraduate embedded software laboratory for the masses.txt 
18:1.0002891
-1 1:1 2:0 3:0 4:0 5:0 6:0 7:0 8:0 9:1 10:0 11:1 12:0 13:0 14:1 15:0 16:0 17:1 18:0 19:0 20:0 21:0 22:0 23:0 24:0 25:0 26:0 27:0 28:0 29:0 30:0 31:0 32:0 33:0 34:0 35:0 36:0 37:0 38:0 39:0 40:0 41:0 42:0 43:0 44:0 45:0 46:0 47:0 48:0 49:0 50:0 51:-1 52:-1 53:1 54:-1 55:1 56:1 57:1 58:1 59:1 60:1 61:1 62:1 63:-1 64:-1 65:1 66:-1 67:1 68:1 69:1 70:1 71:1 72:-1 73:-1 74:-1 75:-1 76:-1 77:-1 78:1 79:1 80:-1 81:-1 82:1 83:1  #42048

data/orbz/An introduction to computer simulation.txt 
25:-1.0000179
+1 1:1 2:0 3:0 4:0 5:0 6:0 7:1 8:1 9:0 10:0 11:1 12:0 13:0 14:1 15:0 16:0 17:0 18:0 19:0 20:0 21:0 22:0 23:0 24:0 25:0 26:0 27:0 28:0 29:0 30:0 31:0 32:0 33:0 34:0 35:0 36:0 37:0 38:0 39:0 40:0 41:0 42:0 43:0 44:0 45:0 46:0 47:0 48:0 49:0 50:0 51:-1 52:-1 53:1 54:-1 55:1 56:1 57:1 58:1 59:1 60:1 61:-1 62:-1 63:-1 64:-1 65:1 66:-1 67:-1 68:-1 69:-1 70:-1 71:-1 72:-1 73:-1 74:-1 75:-1 76:1 77:1 78:1 79:1 80:1 81:1 82:0 83:0  #35085

data/orbz/An object-oriented modeling of the history of optimal retrievals.txt 
22:0.50775143
-1 1:1 2:0 3:0 4:0 5:0 6:0 7:0 8:0 9:1 10:0 11:0 12:0 13:0 14:1 15:0 16:0 17:0 18:0 19:0 20:0 21:0 22:0 23:0 24:0 25:0 26:0 27:0 28:0 29:0 30:0 31:0 32:0 33:0 34:0 35:0 36:0 37:0 38:0 39:0 40:0 41:0 42:0 43:0 44:0 45:0 46:0 47:0 48:0 49:0 50:0 51:-1 52:-1 53:1 54:1 55:1 56:1 57:-1 58:1 59:1 60:1 61:1 62:1 63:-1 64:-1 65:1 66:1 67:1 68:1 69:1 70:1 71:1 72:1 73:-1 74:-1 75:-1 76:-1 77:-1 78:1 79:1 80:-1 81:-1 82:1 83:1  #37840

data/orbz/An object-oriented genetics information system.txt 
42:-1.0001828
+1 1:1 2:0 3:0 4:0 5:0 6:1 7:0 8:1 9:0 10:0 11:1 12:0 13:0 14:1 15:0 16:0 17:0 18:0 19:0 20:0 21:0 22:0 23:0 24:0 25:0 26:0 27:0 28:0 29:0 30:0 31:0 32:0 33:0 34:0 35:0 36:0 37:0 38:0 39:0 40:0 41:0 42:0 43:0 44:0 45:0 46:0 47:0 48:0 49:0 50:0 51:-1 52:-1 53:1 54:-1 55:1 56:1 57:1 58:1 59:1 60:1 61:-1 62:-1 63:-1 64:-1 65:1 66:-1 67:-1 68:-1 69:-1 70:-1 71:-1 72:-1 73:-1 74:-1 75:-1 76:1 77:1 78:1 79:1 80:1 81:1 82:0 83:0  #43714

data/orbz/An intensive instruction format for information systems.txt 
20:-0.99943063
+1 1:1 2:0 3:0 4:0 5:0 6:0 7:0 8:1 9:0 10:0 11:1 12:0 13:0 14:1 15:0 16:0 17:0 18:1 19:0 20:0 21:1 22:0 23:0 24:0 25:0 26:0 27:0 28:0 29:0 30:0 31:0 32:0 33:0 34:0 35:0 36:0 37:0 38:0 39:0 40:0 41:0 42:0 43:0 44:0 45:0 46:0 47:0 48:0 49:0 50:0 51:1 52:-1 53:-1 54:-1 55:1 56:1 57:1 58:1 59:1 60:1 61:1 62:1 63:1 64:-1 65:-1 66:-1 67:1 68:1 69:1 70:1 71:1 72:-1 73:-1 74:-1 75:-1 76:-1 77:-1 78:1 79:1 80:1 81:1 82:1 83:1  #26741

data/orbz/Analysis and experience with an Information System development methodology.txt 
93:0.5071744
-1 1:1 2:0 3:0 4:0 5:0 6:0 7:0 8:0 9:1 10:0 11:0 12:0 13:0 14:1 15:0 16:0 17:0 18:0 19:0 20:0 21:0 22:0 23:0 24:0 25:0 26:0 27:0 28:0 29:0 30:0 31:0 32:0 33:0 34:0 35:0 36:0 37:0 38:0 39:0 40:0 41:0 42:0 43:0 44:0 45:0 46:0 47:0 48:0 49:0 50:0 51:-1 52:-1 53:1 54:-1 55:1 56:1 57:-1 58:1 59:1 60:1 61:1 62:1 63:-1 64:-1 65:1 66:-1 67:1 68:1 69:1 70:1 71:1 72:1 73:-1 74:-1 75:-1 76:-1 77:-1 78:1 79:1 80:-1 81:-1 82:1 83:1  #40059

data/orbz/An interleaving technique for block coding of black-and-white facsimile data.txt 
11:-1.0007563
+1 1:1 2:0 3:0 4:0 5:0 6:0 7:1 8:0 9:1 10:0 11:1 12:0 13:0 14:1 15:0 16:0 17:0 18:0 19:0 20:0 21:0 22:0 23:0 24:0 25:0 26:0 27:0 28:0 29:0 30:0 31:0 32:0 33:0 34:0 35:0 36:0 37:0 38:0 39:0 40:0 41:0 42:0 43:0 44:0 45:0 46:0 47:0 48:0 49:0 50:0 51:-1 52:-1 53:1 54:-1 55:1 56:1 57:1 58:1 59:1 60:1 61:-1 62:-1 63:-1 64:-1 65:1 66:-1 67:-1 68:-1 69:1 70:1 71:1 72:-1 73:-1 74:-1 75:-1 76:1 77:1 78:1 79:1 80:-1 81:-1 82:1 83:1  #23890

data/orbz/Analysis of add-with-carry and subtract-with-borrow generators.txt 
12:-0.99474301
+1 1:1 2:0 3:0 4:0 5:0 6:0 7:0 8:0 9:0 10:0 11:0 12:1 13:0 14:0 15:1 16:0 17:0 18:0 19:1 20:0 21:0 22:1 23:0 24:0 25:1 26:0 27:0 28:0 29:0 30:0 31:0 32:0 33:0 34:0 35:0 36:0 37:0 38:0 39:0 40:0 41:0 42:0 43:0 44:0 45:0 46:0 47:0 48:0 49:0 50:0 51:1 52:1 53:1 54:1 55:1 56:1 57:1 58:1 59:1 60:1 61:-1 62:-1 63:1 64:1 65:1 66:1 67:-1 68:-1 69:-1 70:-1 71:-1 72:-1 73:-1 74:-1 75:-1 76:1 77:1 78:1 79:1 80:-1 81:-1 82:0 83:0  #14402

data/orbz/An optimal algorithm for the on-line closest-pair problem.txt 
28:0.50687787
-1 1:1 2:0 3:0 4:0 5:0 6:0 7:0 8:0 9:1 10:0 11:0 12:0 13:0 14:1 15:0 16:0 17:0 18:0 19:0 20:0 21:0 22:0 23:0 24:0 25:0 26:0 27:0 28:0 29:0 30:0 31:0 32:0 33:0 34:0 35:0 36:0 37:0 38:0 39:0 40:0 41:0 42:0 43:0 44:0 45:0 46:0 47:0 48:0 49:0 50:0 51:-1 52:-1 53:-1 54:-1 55:1 56:1 57:-1 58:1 59:-1 60:1 61:1 62:1 63:-1 64:-1 65:-1 66:-1 67:1 68:1 69:1 70:1 71:1 72:1 73:-1 74:1 75:-1 76:-1 77:-1 78:1 79:1 80:-1 81:-1 82:1 83:1  #30167

data/orbz/An optimal algorithm for closest pair maintenance (extended abstract).txt 
46:1.0002891
-1 1:1 2:0 3:0 4:0 5:0 6:0 7:0 8:0 9:1 10:0 11:1 12:0 13:0 14:1 15:0 16:0 17:0 18:0 19:0 20:0 21:0 22:0 23:0 24:0 25:0 26:0 27:0 28:0 29:0 30:0 31:0 32:0 33:0 34:0 35:0 36:0 37:0 38:0 39:0 40:0 41:0 42:0 43:0 44:0 45:0 46:0 47:0 48:0 49:0 50:0 51:-1 52:-1 53:1 54:-1 55:1 56:1 57:1 58:1 59:1 60:1 61:1 62:1 63:-1 64:-1 65:1 66:-1 67:1 68:1 69:1 70:1 71:1 72:-1 73:-1 74:-1 75:-1 76:-1 77:-1 78:1 79:1 80:-1 81:-1 82:1 83:1  #29716

data/fa/Ada tasking for parallel computation.txt 
11:0.50775143
-1 1:1 2:0 3:0 4:0 5:0 6:0 7:0 8:0 9:1 10:0 11:0 12:0 13:0 14:1 15:0 16:0 17:0 18:0 19:0 20:0 21:0 22:0 23:0 24:0 25:0 26:0 27:0 28:0 29:0 30:0 31:0 32:0 33:0 34:0 35:0 36:0 37:0 38:0 39:0 40:0 41:0 42:0 43:0 44:0 45:0 46:0 47:0 48:0 49:0 50:0 51:-1 52:-1 53:1 54:1 55:1 56:1 57:-1 58:1 59:1 60:1 61:1 62:1 63:-1 64:-1 65:1 66:1 67:1 68:1 69:1 70:1 71:1 72:1 73:-1 74:-1 75:-1 76:-1 77:-1 78:1 79:1 80:-1 81:-1 82:1 83:1  #32968

data/fa/A data communications course for information systems majors.txt 
176:0.5074623
-1 1:1 2:0 3:0 4:0 5:0 6:0 7:0 8:0 9:1 10:0 11:0 12:0 13:0 14:1 15:0 16:0 17:0 18:0 19:0 20:0 21:0 22:0 23:0 24:0 25:0 26:0 27:0 28:0 29:0 30:0 31:0 32:0 33:0 34:0 35:0 36:0 37:0 38:0 39:0 40:0 41:0 42:0 43:0 44:0 45:0 46:0 47:0 48:0 49:0 50:0 51:1 52:-1 53:1 54:1 55:1 56:1 57:-1 58:1 59:-1 60:1 61:1 62:1 63:-1 64:-1 65:-1 66:1 67:1 68:1 69:1 70:1 71:1 72:1 73:-1 74:1 75:-1 76:-1 77:-1 78:1 79:1 80:1 81:1 82:1 83:1  #29920

data/fa/An interactive system for teaching input processes in simulation.txt 
9:0.50775143
-1 1:1 2:0 3:0 4:0 5:0 6:0 7:0 8:0 9:1 10:0 11:0 12:0 13:0 14:1 15:0 16:0 17:0 18:0 19:0 20:0 21:0 22:0 23:0 24:0 25:0 26:0 27:0 28:0 29:0 30:0 31:0 32:0 33:0 34:0 35:0 36:0 37:0 38:0 39:0 40:0 41:0 42:0 43:0 44:0 45:0 46:0 47:0 48:0 49:0 50:0 51:-1 52:-1 53:1 54:1 55:1 56:1 57:-1 58:1 59:1 60:1 61:1 62:1 63:-1 64:-1 65:1 66:1 67:1 68:1 69:1 70:1 71:1 72:1 73:-1 74:-1 75:-1 76:-1 77:-1 78:1 79:1 80:-1 81:-1 82:1 83:1  #12196

data/fa/3D digital cleansing using segmentation rays.txt 
11:-0.99722702
+1 1:1 2:0 3:0 4:0 5:0 6:0 7:1 8:0 9:1 10:0 11:1 12:0 13:0 14:1 15:0 16:0 17:0 18:0 19:0 20:0 21:0 22:0 23:0 24:0 25:0 26:0 27:0 28:0 29:0 30:0 31:0 32:0 33:0 34:0 35:0 36:0 37:0 38:0 39:0 40:0 41:0 42:0 43:0 44:0 45:0 46:0 47:0 48:0 49:0 50:0 51:-1 52:-1 53:1 54:1 55:1 56:1 57:1 58:1 59:1 60:1 61:1 62:-1 63:-1 64:-1 65:1 66:1 67:1 68:-1 69:-1 70:1 71:-1 72:-1 73:-1 74:-1 75:-1 76:-1 77:1 78:1 79:1 80:1 81:1 82:0 83:0  #33564

data/fa/&#8220;One stop shopping&#8221; getting connected at Texas A&amp;M University.txt 
1:-0.99941067
+1 1:1 2:0 3:0 4:0 5:0 6:0 7:0 8:1 9:0 10:0 11:1 12:0 13:0 14:1 15:0 16:0 17:0 18:0 19:0 20:0 21:0 22:0 23:0 24:0 25:0 26:0 27:0 28:0 29:0 30:0 31:0 32:0 33:0 34:0 35:0 36:0 37:0 38:0 39:0 40:0 41:0 42:0 43:0 44:0 45:0 46:0 47:0 48:0 49:0 50:0 51:-1 52:-1 53:-1 54:-1 55:1 56:1 57:1 58:1 59:1 60:1 61:1 62:1 63:-1 64:-1 65:-1 66:-1 67:1 68:1 69:1 70:1 71:1 72:-1 73:-1 74:-1 75:-1 76:-1 77:-1 78:1 79:1 80:1 81:1 82:1 83:1  #10369

data/fa/A data front-end for layered manufacturing.txt 
18:1.0008661
-1 1:1 2:0 3:0 4:0 5:0 6:0 7:0 8:0 9:1 10:0 11:1 12:0 13:0 14:1 15:0 16:0 17:0 18:0 19:0 20:0 21:0 22:0 23:0 24:0 25:0 26:0 27:0 28:0 29:0 30:0 31:0 32:0 33:0 34:0 35:0 36:0 37:0 38:0 39:0 40:0 41:0 42:0 43:0 44:0 45:0 46:0 47:0 48:0 49:0 50:0 51:-1 52:-1 53:1 54:1 55:1 56:1 57:1 58:1 59:1 60:1 61:1 62:1 63:-1 64:-1 65:1 66:1 67:1 68:1 69:1 70:1 71:1 72:-1 73:-1 74:-1 75:-1 76:-1 77:-1 78:1 79:1 80:-1 81:-1 82:1 83:1  #44966

data/fa/A data labelling technique for high-performance protocol processing and its consequences.txt 
36:-0.99974018
+1 1:1 2:0 3:0 4:0 5:0 6:0 7:1 8:0 9:1 10:0 11:1 12:0 13:0 14:1 15:0 16:0 17:0 18:1 19:0 20:0 21:1 22:0 23:0 24:0 25:0 26:0 27:0 28:0 29:0 30:0 31:0 32:0 33:0 34:0 35:0 36:0 37:0 38:0 39:0 40:0 41:0 42:0 43:0 44:0 45:0 46:0 47:0 48:0 49:0 50:0 51:1 52:-1 53:1 54:-1 55:1 56:1 57:1 58:1 59:1 60:1 61:-1 62:-1 63:1 64:-1 65:1 66:-1 67:-1 68:-1 69:-1 70:-1 71:-1 72:-1 73:-1 74:-1 75:-1 76:1 77:1 78:1 79:1 80:-1 81:-1 82:0 83:0  #44755

data/fa/16.4-Tflops direct numerical simulation of turbulence by a Fourier spectral method on the Earth Simulator.txt 
16:-0.99517051
+1 1:1 2:0 3:0 4:0 5:0 6:0 7:1 8:0 9:1 10:0 11:0 12:1 13:0 14:1 15:0 16:0 17:0 18:0 19:1 20:0 21:0 22:1 23:0 24:1 25:0 26:0 27:0 28:0 29:0 30:0 31:0 32:0 33:0 34:0 35:0 36:0 37:0 38:0 39:0 40:0 41:0 42:0 43:0 44:0 45:0 46:0 47:0 48:0 49:0 50:0 51:1 52:1 53:1 54:-1 55:1 56:1 57:1 58:1 59:-1 60:1 61:1 62:-1 63:1 64:1 65:-1 66:-1 67:1 68:-1 69:-1 70:1 71:1 72:-1 73:-1 74:1 75:-1 76:-1 77:1 78:1 79:1 80:1 81:-1 82:1 83:1  #39460

data/fa/3-D graphic display of discrete spatial data by prism maps.txt 
14:-0.99941067
+1 1:1 2:0 3:0 4:0 5:0 6:0 7:0 8:1 9:0 10:0 11:1 12:0 13:0 14:1 15:0 16:0 17:0 18:0 19:0 20:0 21:0 22:0 23:0 24:0 25:0 26:0 27:0 28:0 29:0 30:0 31:0 32:0 33:0 34:0 35:0 36:0 37:0 38:0 39:0 40:0 41:0 42:0 43:0 44:0 45:0 46:0 47:0 48:0 49:0 50:0 51:-1 52:-1 53:-1 54:-1 55:1 56:1 57:1 58:1 59:1 60:1 61:1 62:1 63:-1 64:-1 65:-1 66:-1 67:1 68:1 69:1 70:1 71:1 72:-1 73:-1 74:-1 75:-1 76:-1 77:-1 78:1 79:1 80:1 81:1 82:1 83:1  #22784

data/fa/A Bayesian batch means methodology for analysis of simulation output.txt 
3:-0.99978048
+1 1:1 2:0 3:0 4:0 5:0 6:0 7:1 8:0 9:0 10:0 11:0 12:1 13:0 14:1 15:0 16:0 17:0 18:0 19:1 20:0 21:0 22:1 23:0 24:0 25:0 26:0 27:0 28:0 29:0 30:0 31:0 32:0 33:0 34:0 35:0 36:0 37:0 38:0 39:0 40:0 41:0 42:0 43:0 44:0 45:0 46:0 47:0 48:0 49:0 50:0 51:1 52:-1 53:1 54:-1 55:1 56:1 57:1 58:1 59:-1 60:1 61:-1 62:-1 63:1 64:-1 65:-1 66:-1 67:-1 68:-1 69:-1 70:-1 71:-1 72:-1 73:-1 74:1 75:-1 76:1 77:1 78:1 79:1 80:-1 81:-1 82:0 83:0  #3430

data/fa/A fast Las Vegas algorithm for triangulating a simple polygon.txt 
10:-1.493871
+1 1:1 2:0 3:0 4:0 5:0 6:0 7:1 8:0 9:1 10:0 11:0 12:0 13:0 14:1 15:0 16:0 17:0 18:0 19:0 20:0 21:0 22:0 23:0 24:0 25:0 26:0 27:0 28:0 29:0 30:0 31:0 32:0 33:0 34:0 35:0 36:0 37:0 38:0 39:0 40:0 41:0 42:0 43:0 44:0 45:0 46:0 47:0 48:0 49:0 50:0 51:-1 52:-1 53:1 54:-1 55:1 56:1 57:-1 58:1 59:1 60:1 61:-1 62:-1 63:-1 64:-1 65:1 66:-1 67:-1 68:-1 69:1 70:1 71:1 72:1 73:-1 74:-1 75:-1 76:1 77:1 78:1 79:1 80:-1 81:-1 82:1 83:1  #11742

data/fa/A &#8220;curriculum-cycle&#8221; environment for teaching programming.txt 
11:-1.0005283
+1 1:1 2:0 3:0 4:0 5:0 6:0 7:0 8:0 9:1 10:0 11:0 12:1 13:0 14:1 15:0 16:0 17:0 18:0 19:1 20:0 21:0 22:1 23:0 24:0 25:0 26:0 27:0 28:0 29:0 30:0 31:0 32:0 33:0 34:0 35:0 36:0 37:0 38:0 39:0 40:0 41:0 42:0 43:0 44:0 45:0 46:0 47:0 48:0 49:0 50:0 51:-1 52:-1 53:1 54:-1 55:1 56:1 57:-1 58:1 59:1 60:1 61:1 62:-1 63:-1 64:-1 65:1 66:-1 67:1 68:-1 69:1 70:1 71:1 72:1 73:-1 74:-1 75:-1 76:-1 77:1 78:1 79:1 80:-1 81:-1 82:1 83:1  #19785

data/fa/A &#8220;curriculum-cycle&#8221; environment for teaching programming.txt 
12:0.99958013
-1 1:1 2:0 3:0 4:0 5:0 6:0 7:0 8:1 9:0 10:0 11:1 12:0 13:0 14:1 15:0 16:0 17:0 18:1 19:0 20:0 21:1 22:0 23:0 24:0 25:0 26:0 27:0 28:0 29:0 30:0 31:0 32:0 33:0 34:0 35:0 36:0 37:0 38:0 39:0 40:0 41:0 42:0 43:0 44:0 45:0 46:0 47:0 48:0 49:0 50:0 51:1 52:-1 53:1 54:-1 55:-1 56:1 57:1 58:1 59:1 60:1 61:1 62:1 63:1 64:-1 65:1 66:-1 67:-1 68:1 69:1 70:1 71:1 72:-1 73:-1 74:-1 75:-1 76:-1 77:-1 78:1 79:1 80:1 81:1 82:1 83:1  #19867

data/fa/Adding some spice to CS1 curricula.txt 
12:-1.0005511
+1 1:1 2:0 3:0 4:0 5:0 6:0 7:0 8:0 9:0 10:0 11:0 12:1 13:0 14:1 15:0 16:0 17:0 18:0 19:0 20:0 21:0 22:0 23:0 24:0 25:0 26:0 27:0 28:0 29:0 30:0 31:0 32:0 33:0 34:0 35:0 36:0 37:0 38:0 39:0 40:0 41:0 42:0 43:0 44:0 45:0 46:0 47:0 48:0 49:0 50:0 51:1 52:1 53:1 54:-1 55:1 56:1 57:1 58:1 59:-1 60:1 61:1 62:-1 63:1 64:1 65:-1 66:-1 67:1 68:-1 69:-1 70:-1 71:1 72:-1 73:-1 74:1 75:-1 76:-1 77:1 78:1 79:1 80:-1 81:-1 82:1 83:0  #22699

data/fa/Adding some spice to CS1 curricula.txt 
13:1.0003717
-1 1:1 2:0 3:0 4:0 5:0 6:0 7:0 8:0 9:1 10:0 11:1 12:0 13:0 14:1 15:0 16:0 17:0 18:0 19:0 20:0 21:0 22:0 23:0 24:0 25:0 26:0 27:0 28:0 29:0 30:0 31:0 32:0 33:0 34:0 35:0 36:0 37:0 38:0 39:0 40:0 41:0 42:0 43:0 44:0 45:0 46:0 47:0 48:0 49:0 50:0 51:1 52:1 53:1 54:-1 55:1 56:1 57:1 58:1 59:1 60:1 61:1 62:1 63:1 64:1 65:1 66:-1 67:1 68:1 69:-1 70:-1 71:1 72:-1 73:-1 74:-1 75:-1 76:-1 77:-1 78:1 79:1 80:1 81:1 82:0 83:0  #22739

data/fa/Adding some spice to CS1 curricula.txt 
14:1.000211
-1 1:1 2:0 3:0 4:0 5:0 6:0 7:0 8:1 9:0 10:0 11:1 12:0 13:0 14:1 15:0 16:0 17:0 18:0 19:0 20:0 21:0 22:0 23:0 24:0 25:0 26:0 27:0 28:0 29:0 30:0 31:0 32:0 33:0 34:0 35:0 36:0 37:0 38:0 39:0 40:0 41:0 42:0 43:0 44:0 45:0 46:0 47:0 48:0 49:0 50:0 51:1 52:-1 53:1 54:-1 55:1 56:1 57:1 58:1 59:1 60:1 61:1 62:1 63:1 64:-1 65:1 66:-1 67:1 68:1 69:1 70:1 71:1 72:-1 73:-1 74:-1 75:-1 76:-1 77:-1 78:1 79:1 80:1 81:1 82:1 83:1  #22831

data/fa/Adapation in a ubiquitous computing management architecture.txt 
4:1.0002891
-1 1:1 2:0 3:0 4:0 5:0 6:0 7:0 8:0 9:1 10:0 11:1 12:0 13:0 14:1 15:0 16:0 17:1 18:0 19:0 20:0 21:0 22:0 23:0 24:0 25:0 26:0 27:0 28:0 29:0 30:0 31:0 32:0 33:0 34:0 35:0 36:0 37:0 38:0 39:0 40:0 41:0 42:0 43:0 44:0 45:0 46:0 47:0 48:0 49:0 50:0 51:-1 52:-1 53:1 54:-1 55:1 56:1 57:1 58:1 59:1 60:1 61:1 62:1 63:-1 64:-1 65:1 66:-1 67:1 68:1 69:1 70:1 71:1 72:-1 73:-1 74:-1 75:-1 76:-1 77:-1 78:1 79:1 80:-1 81:-1 82:1 83:1  #8463

data/fa/Adding imageability features to information displays.txt 
41:0.5071744
-1 1:1 2:0 3:0 4:0 5:0 6:0 7:0 8:0 9:1 10:0 11:0 12:0 13:0 14:1 15:0 16:0 17:0 18:0 19:0 20:0 21:0 22:0 23:0 24:0 25:0 26:0 27:0 28:0 29:0 30:0 31:0 32:0 33:0 34:0 35:0 36:0 37:0 38:0 39:0 40:0 41:0 42:0 43:0 44:0 45:0 46:0 47:0 48:0 49:0 50:0 51:-1 52:-1 53:1 54:-1 55:1 56:1 57:-1 58:1 59:1 60:1 61:1 62:1 63:-1 64:-1 65:1 66:-1 67:1 68:1 69:1 70:1 71:1 72:1 73:-1 74:-1 75:-1 76:-1 77:-1 78:1 79:1 80:-1 81:-1 82:1 83:1  #35801

data/oraby/Alpha-algorithms for incremental planarity testing (preliminary version).txt 
39:-1.0008533
+1 1:1 2:0 3:0 4:0 5:0 6:0 7:0 8:1 9:0 10:0 11:1 12:0 13:0 14:1 15:0 16:0 17:0 18:1 19:0 20:0 21:1 22:0 23:0 24:0 25:0 26:0 27:0 28:0 29:0 30:0 31:0 32:0 33:0 34:0 35:0 36:0 37:0 38:0 39:0 40:0 41:0 42:0 43:0 44:0 45:0 46:0 47:0 48:0 49:0 50:0 51:1 52:-1 53:1 54:-1 55:1 56:1 57:1 58:1 59:1 60:1 61:1 62:-1 63:1 64:-1 65:1 66:-1 67:1 68:-1 69:1 70:1 71:1 72:-1 73:-1 74:-1 75:-1 76:-1 77:1 78:1 79:1 80:1 81:1 82:1 83:1  #60358

data/oraby/Alpha-algorithms for incremental planarity testing (preliminary version).txt 
43:1.000211
-1 1:1 2:0 3:0 4:0 5:0 6:0 7:0 8:1 9:0 10:0 11:1 12:0 13:0 14:1 15:0 16:0 17:0 18:0 19:0 20:0 21:0 22:0 23:0 24:0 25:0 26:0 27:0 28:0 29:0 30:0 31:0 32:0 33:0 34:0 35:0 36:0 37:0 38:0 39:0 40:0 41:0 42:0 43:0 44:0 45:0 46:0 47:0 48:0 49:0 50:0 51:1 52:-1 53:1 54:-1 55:1 56:1 57:1 58:1 59:1 60:1 61:1 62:1 63:1 64:-1 65:1 66:-1 67:1 68:1 69:1 70:1 71:1 72:-1 73:-1 74:-1 75:-1 76:-1 77:-1 78:1 79:1 80:1 81:1 82:1 83:1  #60432

data/oraby/A multi-level solution algorithm for steady-state Markov chains.txt 
29:-1.0043046
+1 1:1 2:0 3:0 4:0 5:0 6:0 7:1 8:0 9:0 10:0 11:1 12:0 13:0 14:1 15:0 16:0 17:0 18:0 19:0 20:0 21:0 22:0 23:0 24:0 25:0 26:0 27:0 28:0 29:0 30:0 31:0 32:0 33:0 34:0 35:0 36:0 37:0 38:0 39:0 40:0 41:0 42:0 43:0 44:0 45:0 46:0 47:0 48:0 49:0 50:0 51:-1 52:-1 53:1 54:-1 55:1 56:1 57:1 58:1 59:-1 60:1 61:1 62:-1 63:-1 64:-1 65:-1 66:-1 67:1 68:-1 69:1 70:1 71:1 72:-1 73:-1 74:1 75:-1 76:-1 77:1 78:1 79:1 80:-1 81:-1 82:1 83:1  #44390

data/oraby/A general construction scheme for unit quaternion curves with simple high order derivatives.txt 
21:-1.4904517
+1 1:1 2:0 3:0 4:0 5:0 6:0 7:0 8:1 9:0 10:0 11:0 12:0 13:0 14:1 15:0 16:0 17:0 18:0 19:0 20:0 21:0 22:0 23:0 24:0 25:0 26:0 27:0 28:0 29:0 30:0 31:0 32:0 33:0 34:0 35:0 36:0 37:0 38:0 39:0 40:0 41:0 42:0 43:0 44:0 45:0 46:0 47:0 48:0 49:0 50:0 51:1 52:-1 53:1 54:1 55:1 56:1 57:1 58:1 59:1 60:1 61:-1 62:-1 63:1 64:-1 65:1 66:1 67:-1 68:-1 69:-1 70:-1 71:1 72:-1 73:-1 74:-1 75:-1 76:1 77:1 78:1 79:1 80:-1 81:-1 82:0 83:1  #36049

data/oraby/Affordability of computer graphics for planning networks in DOD program management.txt 
10:-1.000084
+1 1:1 2:0 3:0 4:0 5:0 6:0 7:0 8:0 9:1 10:0 11:1 12:0 13:0 14:1 15:0 16:0 17:0 18:1 19:0 20:0 21:1 22:0 23:0 24:0 25:0 26:0 27:0 28:0 29:0 30:0 31:0 32:0 33:0 34:0 35:0 36:0 37:0 38:0 39:0 40:0 41:0 42:0 43:0 44:0 45:0 46:0 47:0 48:0 49:0 50:0 51:1 52:-1 53:1 54:-1 55:1 56:1 57:1 58:1 59:1 60:1 61:-1 62:-1 63:1 64:-1 65:1 66:-1 67:-1 68:-1 69:-1 70:-1 71:1 72:-1 73:-1 74:-1 75:-1 76:1 77:1 78:1 79:1 80:1 81:1 82:0 83:0  #19042

data/oraby/Affordability of computer graphics for planning networks in DOD program management.txt 
11:0.99999145
-1 1:1 2:0 3:0 4:0 5:0 6:0 7:0 8:1 9:0 10:0 11:1 12:0 13:0 14:1 15:0 16:0 17:0 18:0 19:0 20:0 21:0 22:0 23:0 24:0 25:0 26:0 27:0 28:0 29:0 30:0 31:0 32:0 33:0 34:0 35:0 36:0 37:0 38:0 39:0 40:0 41:0 42:0 43:0 44:0 45:0 46:0 47:0 48:0 49:0 50:0 51:-1 52:-1 53:1 54:-1 55:1 56:1 57:1 58:1 59:1 60:1 61:1 62:1 63:-1 64:-1 65:1 66:-1 67:1 68:1 69:1 70:1 71:1 72:-1 73:-1 74:-1 75:-1 76:-1 77:-1 78:1 79:1 80:1 81:1 82:1 83:1  #19218

data/oraby/A model for studying ambiguity in SGML element declarations.txt 
18:-0.99840123
+1 1:1 2:0 3:0 4:0 5:0 6:0 7:0 8:1 9:0 10:0 11:0 12:1 13:0 14:1 15:0 16:0 17:0 18:0 19:1 20:0 21:0 22:1 23:0 24:1 25:0 26:0 27:0 28:0 29:0 30:0 31:0 32:0 33:0 34:0 35:0 36:0 37:0 38:0 39:0 40:0 41:0 42:0 43:0 44:0 45:0 46:0 47:0 48:0 49:0 50:0 51:1 52:1 53:-1 54:-1 55:1 56:1 57:-1 58:1 59:1 60:1 61:1 62:1 63:-1 64:1 65:-1 66:-1 67:1 68:1 69:1 70:1 71:1 72:1 73:-1 74:-1 75:-1 76:-1 77:-1 78:1 79:1 80:-1 81:-1 82:1 83:1  #33487

data/oraby/A new approach to analyzing gene expression time series data.txt 
16:-0.9975469
+1 1:1 2:0 3:0 4:0 5:0 6:0 7:0 8:0 9:1 10:0 11:0 12:1 13:0 14:1 15:0 16:0 17:0 18:0 19:1 20:0 21:0 22:1 23:0 24:0 25:0 26:0 27:0 28:0 29:0 30:0 31:0 32:0 33:0 34:0 35:0 36:0 37:0 38:0 39:0 40:0 41:0 42:0 43:0 44:0 45:0 46:0 47:0 48:0 49:0 50:0 51:1 52:-1 53:1 54:-1 55:1 56:1 57:1 58:1 59:-1 60:1 61:-1 62:-1 63:1 64:-1 65:-1 66:-1 67:-1 68:-1 69:-1 70:-1 71:-1 72:-1 73:-1 74:1 75:-1 76:1 77:1 78:1 79:1 80:-1 81:-1 82:0 83:1  #43727

data/oraby/A database management capability for Ada.txt 
28:-3.0001584
+1 1:1 2:0 3:0 4:0 5:0 6:0 7:0 8:0 9:1 10:0 11:1 12:0 13:0 14:1 15:0 16:0 17:0 18:0 19:0 20:0 21:0 22:0 23:0 24:0 25:0 26:0 27:0 28:0 29:0 30:0 31:0 32:0 33:0 34:0 35:0 36:0 37:0 38:0 39:0 40:0 41:0 42:0 43:0 44:0 45:0 46:0 47:0 48:0 49:0 50:0 51:-1 52:-1 53:-1 54:-1 55:1 56:1 57:1 58:1 59:1 60:1 61:-1 62:-1 63:-1 64:-1 65:-1 66:-1 67:-1 68:-1 69:1 70:1 71:1 72:-1 73:-1 74:-1 75:-1 76:1 77:1 78:1 79:1 80:-1 81:-1 82:1 83:1  #46504

data/oraby/A hierarchical structure for concurrency control in a distributed database system.txt 
15:0.5071744
-1 1:1 2:0 3:0 4:0 5:0 6:0 7:0 8:0 9:1 10:0 11:0 12:0 13:0 14:1 15:0 16:0 17:0 18:0 19:0 20:0 21:0 22:0 23:0 24:0 25:0 26:0 27:0 28:0 29:0 30:0 31:0 32:0 33:0 34:0 35:0 36:0 37:0 38:0 39:0 40:0 41:0 42:0 43:0 44:0 45:0 46:0 47:0 48:0 49:0 50:0 51:1 52:-1 53:1 54:-1 55:1 56:1 57:-1 58:1 59:1 60:1 61:1 62:1 63:-1 64:-1 65:1 66:-1 67:1 68:1 69:1 70:1 71:1 72:1 73:-1 74:-1 75:-1 76:-1 77:-1 78:1 79:1 80:-1 81:-1 82:1 83:1  #21766

data/oraby/A failure analysis of the limitation of suffixing in an online environment.txt 
25:-0.99585985
+1 1:1 2:0 3:0 4:0 5:0 6:0 7:1 8:1 9:0 10:0 11:0 12:1 13:0 14:1 15:0 16:0 17:0 18:0 19:1 20:0 21:0 22:1 23:0 24:0 25:0 26:0 27:0 28:0 29:0 30:0 31:0 32:0 33:0 34:0 35:0 36:0 37:0 38:0 39:0 40:0 41:0 42:0 43:0 44:0 45:0 46:0 47:0 48:0 49:0 50:0 51:1 52:-1 53:1 54:-1 55:1 56:1 57:1 58:1 59:1 60:1 61:-1 62:-1 63:1 64:-1 65:1 66:-1 67:-1 68:-1 69:-1 70:1 71:-1 72:-1 73:-1 74:-1 75:-1 76:1 77:1 78:1 79:1 80:1 81:1 82:0 83:1  #31526

data/oraby/A parallel Data Base Machine for query translation in a distributed database system.txt 
10:0.50398254
-1 1:1 2:0 3:0 4:0 5:0 6:0 7:0 8:0 9:0 10:0 11:0 12:0 13:0 14:1 15:0 16:0 17:0 18:0 19:0 20:0 21:0 22:0 23:0 24:0 25:0 26:0 27:0 28:0 29:0 30:0 31:0 32:0 33:0 34:0 35:0 36:0 37:0 38:0 39:0 40:0 41:0 42:0 43:0 44:0 45:0 46:0 47:0 48:0 49:0 50:0 51:-1 52:-1 53:1 54:1 55:1 56:1 57:-1 58:1 59:-1 60:1 61:1 62:1 63:-1 64:-1 65:-1 66:1 67:1 68:1 69:1 70:1 71:1 72:1 73:-1 74:1 75:-1 76:-1 77:-1 78:1 79:1 80:-1 81:-1 82:1 83:1  #24823

data/oraby/A language and system for symbolic algebra on a digital computer.txt 
24:-1.0004769
+1 1:1 2:0 3:0 4:0 5:0 6:0 7:1 8:1 9:0 10:0 11:0 12:1 13:0 14:1 15:0 16:0 17:0 18:0 19:1 20:0 21:0 22:1 23:0 24:0 25:0 26:0 27:0 28:0 29:0 30:0 31:0 32:0 33:0 34:0 35:0 36:0 37:0 38:0 39:0 40:0 41:0 42:0 43:0 44:0 45:0 46:0 47:0 48:0 49:0 50:0 51:1 52:-1 53:1 54:1 55:1 56:1 57:-1 58:1 59:1 60:1 61:-1 62:-1 63:-1 64:-1 65:1 66:1 67:-1 68:-1 69:1 70:1 71:1 72:1 73:-1 74:-1 75:-1 76:1 77:1 78:1 79:1 80:-1 81:-1 82:1 83:1  #32290

data/oraby/A language and system for symbolic algebra on a digital computer.txt 
26:1.000788
-1 1:1 2:0 3:0 4:0 5:0 6:0 7:1 8:1 9:0 10:0 11:1 12:0 13:0 14:1 15:0 16:0 17:0 18:0 19:0 20:0 21:0 22:0 23:0 24:0 25:0 26:0 27:0 28:0 29:0 30:0 31:0 32:0 33:0 34:0 35:0 36:0 37:0 38:0 39:0 40:0 41:0 42:0 43:0 44:0 45:0 46:0 47:0 48:0 49:0 50:0 51:1 52:-1 53:1 54:1 55:1 56:1 57:1 58:1 59:1 60:1 61:1 62:1 63:1 64:-1 65:1 66:1 67:1 68:1 69:1 70:1 71:1 72:-1 73:-1 74:-1 75:-1 76:-1 77:-1 78:1 79:1 80:1 81:1 82:1 83:1  #32338

data/oraby/Algorithms for edge coloring bipartite graphs.txt 
14:-1.0002563
+1 1:1 2:0 3:0 4:0 5:0 6:0 7:0 8:0 9:1 10:0 11:1 12:0 13:0 14:1 15:0 16:0 17:0 18:0 19:0 20:0 21:0 22:0 23:0 24:0 25:0 26:0 27:0 28:0 29:0 30:0 31:0 32:0 33:0 34:0 35:0 36:0 37:0 38:0 39:0 40:0 41:0 42:0 43:0 44:0 45:0 46:0 47:0 48:0 49:0 50:0 51:1 52:-1 53:1 54:1 55:1 56:1 57:1 58:1 59:-1 60:1 61:-1 62:-1 63:1 64:-1 65:-1 66:1 67:-1 68:-1 69:1 70:1 71:1 72:-1 73:-1 74:1 75:-1 76:1 77:1 78:1 79:1 80:-1 81:-1 82:1 83:1  #26641

data/oraby/A domain structure for distributed computer systems.txt 
25:0.5071744
-1 1:1 2:0 3:0 4:0 5:0 6:0 7:0 8:0 9:1 10:0 11:0 12:0 13:0 14:1 15:0 16:0 17:0 18:0 19:0 20:0 21:0 22:0 23:0 24:0 25:0 26:0 27:0 28:0 29:0 30:0 31:0 32:0 33:0 34:0 35:0 36:0 37:0 38:0 39:0 40:0 41:0 42:0 43:0 44:0 45:0 46:0 47:0 48:0 49:0 50:0 51:1 52:-1 53:1 54:-1 55:1 56:1 57:-1 58:1 59:1 60:1 61:1 62:1 63:-1 64:-1 65:1 66:-1 67:1 68:1 69:1 70:1 71:1 72:1 73:-1 74:-1 75:-1 76:-1 77:-1 78:1 79:1 80:-1 81:-1 82:1 83:1  #39662

data/oraby/A framework for expressing and combining preferences.txt 
10:-1.0015045
+1 1:1 2:0 3:0 4:0 5:0 6:0 7:0 8:0 9:1 10:0 11:1 12:0 13:0 14:1 15:0 16:0 17:0 18:0 19:0 20:0 21:0 22:0 23:0 24:0 25:0 26:0 27:0 28:0 29:0 30:0 31:0 32:0 33:0 34:0 35:0 36:0 37:0 38:0 39:0 40:0 41:0 42:0 43:0 44:0 45:0 46:0 47:0 48:0 49:0 50:0 51:-1 52:-1 53:1 54:-1 55:1 56:1 57:1 58:1 59:1 60:1 61:-1 62:-1 63:-1 64:-1 65:1 66:-1 67:-1 68:-1 69:-1 70:-1 71:1 72:-1 73:-1 74:-1 75:-1 76:1 77:1 78:1 79:1 80:-1 81:-1 82:1 83:1  #36885

data/oraby/A hardware stochastic interpolator for raster displays.txt 
15:-0.9988536
+1 1:1 2:0 3:0 4:0 5:0 6:0 7:0 8:1 9:0 10:0 11:1 12:0 13:0 14:1 15:0 16:0 17:0 18:1 19:0 20:0 21:1 22:0 23:0 24:0 25:0 26:0 27:0 28:0 29:0 30:0 31:0 32:0 33:0 34:0 35:0 36:0 37:0 38:0 39:0 40:0 41:0 42:0 43:0 44:0 45:0 46:0 47:0 48:0 49:0 50:0 51:1 52:-1 53:-1 54:1 55:1 56:1 57:1 58:1 59:1 60:1 61:1 62:1 63:1 64:-1 65:-1 66:1 67:1 68:1 69:1 70:1 71:1 72:-1 73:-1 74:-1 75:-1 76:-1 77:-1 78:1 79:1 80:1 81:1 82:1 83:1  #29412

data/oraby/A load leveling support methodology for networking.txt 
28:-1.0007563
+1 1:1 2:0 3:0 4:0 5:0 6:0 7:0 8:0 9:1 10:0 11:1 12:0 13:0 14:1 15:0 16:0 17:0 18:0 19:0 20:0 21:0 22:0 23:0 24:0 25:0 26:0 27:0 28:0 29:0 30:0 31:0 32:0 33:0 34:0 35:0 36:0 37:0 38:0 39:0 40:0 41:0 42:0 43:0 44:0 45:0 46:0 47:0 48:0 49:0 50:0 51:-1 52:-1 53:1 54:-1 55:1 56:1 57:1 58:1 59:1 60:1 61:-1 62:-1 63:-1 64:-1 65:1 66:-1 67:-1 68:-1 69:1 70:1 71:1 72:-1 73:-1 74:-1 75:-1 76:1 77:1 78:1 79:1 80:-1 81:-1 82:1 83:1  #30386

data/oraby/A load leveling support methodology for networking.txt 
29:0.99999145
-1 1:1 2:0 3:0 4:0 5:0 6:0 7:0 8:1 9:0 10:0 11:1 12:0 13:0 14:1 15:0 16:0 17:0 18:0 19:0 20:0 21:0 22:0 23:0 24:0 25:0 26:0 27:0 28:0 29:0 30:0 31:0 32:0 33:0 34:0 35:0 36:0 37:0 38:0 39:0 40:0 41:0 42:0 43:0 44:0 45:0 46:0 47:0 48:0 49:0 50:0 51:-1 52:-1 53:1 54:-1 55:1 56:1 57:1 58:1 59:1 60:1 61:1 62:1 63:-1 64:-1 65:1 66:-1 67:1 68:1 69:1 70:1 71:1 72:-1 73:-1 74:-1 75:-1 76:-1 77:-1 78:1 79:1 80:1 81:1 82:1 83:1  #30431

data/oraby/A parallel randomized approximation scheme for shortest paths.txt 
32:0.50687787
-1 1:1 2:0 3:0 4:0 5:0 6:0 7:0 8:0 9:1 10:0 11:0 12:0 13:0 14:1 15:0 16:0 17:0 18:0 19:0 20:0 21:0 22:0 23:0 24:0 25:0 26:0 27:0 28:0 29:0 30:0 31:0 32:0 33:0 34:0 35:0 36:0 37:0 38:0 39:0 40:0 41:0 42:0 43:0 44:0 45:0 46:0 47:0 48:0 49:0 50:0 51:1 52:-1 53:1 54:-1 55:1 56:1 57:-1 58:1 59:-1 60:1 61:1 62:1 63:-1 64:-1 65:-1 66:-1 67:1 68:1 69:1 70:1 71:1 72:1 73:-1 74:1 75:-1 76:-1 77:-1 78:1 79:1 80:-1 81:-1 82:1 83:1  #39750

data/oraby/A flow-guided streamline seeding strategy.txt 
16:-1.0007384
+1 1:1 2:0 3:0 4:0 5:0 6:0 7:0 8:0 9:1 10:0 11:1 12:0 13:0 14:1 15:0 16:0 17:1 18:0 19:0 20:0 21:0 22:0 23:0 24:0 25:0 26:0 27:0 28:0 29:0 30:0 31:0 32:0 33:0 34:0 35:0 36:0 37:0 38:0 39:0 40:0 41:0 42:0 43:0 44:0 45:0 46:0 47:0 48:0 49:0 50:0 51:-1 52:-1 53:1 54:-1 55:1 56:1 57:1 58:1 59:1 60:1 61:1 62:-1 63:-1 64:-1 65:1 66:-1 67:1 68:-1 69:-1 70:-1 71:-1 72:-1 73:-1 74:-1 75:-1 76:-1 77:1 78:1 79:1 80:-1 81:-1 82:0 83:1  #42114

data/oraby/A flexible port traffic planning model.txt 
12:-0.9994608
+1 1:1 2:0 3:0 4:0 5:0 6:0 7:1 8:1 9:0 10:0 11:1 12:0 13:0 14:1 15:0 16:0 17:0 18:1 19:0 20:0 21:1 22:0 23:0 24:0 25:0 26:0 27:0 28:0 29:0 30:0 31:0 32:0 33:0 34:0 35:0 36:0 37:0 38:0 39:0 40:0 41:0 42:0 43:0 44:0 45:0 46:0 47:0 48:0 49:0 50:0 51:1 52:-1 53:1 54:1 55:1 56:1 57:1 58:1 59:1 60:1 61:-1 62:-1 63:1 64:-1 65:1 66:1 67:-1 68:-1 69:-1 70:-1 71:-1 72:-1 73:-1 74:-1 75:-1 76:1 77:1 78:1 79:1 80:1 81:1 82:0 83:0  #40616

data/oraby/A level-set method for flow visualization.txt 
30:-1.0007384
+1 1:1 2:0 3:0 4:0 5:0 6:0 7:1 8:0 9:1 10:0 11:1 12:0 13:0 14:1 15:0 16:0 17:0 18:0 19:0 20:0 21:0 22:0 23:0 24:0 25:0 26:0 27:0 28:0 29:0 30:0 31:0 32:0 33:0 34:0 35:0 36:0 37:0 38:0 39:0 40:0 41:0 42:0 43:0 44:0 45:0 46:0 47:0 48:0 49:0 50:0 51:-1 52:-1 53:1 54:-1 55:1 56:1 57:1 58:1 59:1 60:1 61:1 62:-1 63:-1 64:-1 65:1 66:-1 67:1 68:-1 69:-1 70:-1 71:-1 72:-1 73:-1 74:-1 75:-1 76:-1 77:1 78:1 79:1 80:-1 81:-1 82:0 83:1  #45137

data/oraby/A laminae approach to constructing geometric feature volumes.txt 
36:-0.9978125
+1 1:1 2:0 3:0 4:0 5:0 6:0 7:0 8:0 9:1 10:0 11:1 12:0 13:0 14:1 15:0 16:0 17:0 18:0 19:0 20:0 21:0 22:0 23:0 24:0 25:0 26:0 27:0 28:0 29:0 30:0 31:0 32:0 33:0 34:0 35:0 36:0 37:0 38:0 39:0 40:0 41:0 42:0 43:0 44:0 45:0 46:0 47:0 48:0 49:0 50:0 51:1 52:-1 53:1 54:-1 55:1 56:1 57:1 58:1 59:1 60:1 61:-1 62:-1 63:1 64:-1 65:1 66:-1 67:-1 68:-1 69:-1 70:1 71:-1 72:-1 73:-1 74:-1 75:-1 76:1 77:1 78:1 79:1 80:-1 81:-1 82:0 83:0  #41072

data/oraby/A parallel dynamic-mesh Lagrangian method for simulation of flows with dynamic interfaces.txt 
24:0.99999257
-1 1:1 2:0 3:0 4:0 5:0 6:0 7:0 8:0 9:1 10:0 11:1 12:0 13:0 14:1 15:0 16:0 17:0 18:0 19:0 20:0 21:0 22:0 23:0 24:0 25:0 26:0 27:0 28:0 29:0 30:0 31:0 32:0 33:0 34:0 35:0 36:0 37:0 38:0 39:0 40:0 41:0 42:0 43:0 44:0 45:0 46:0 47:0 48:0 49:0 50:0 51:-1 52:-1 53:-1 54:-1 55:1 56:1 57:1 58:1 59:-1 60:1 61:1 62:1 63:-1 64:-1 65:-1 66:-1 67:1 68:1 69:1 70:1 71:1 72:-1 73:-1 74:1 75:-1 76:-1 77:-1 78:1 79:1 80:-1 81:-1 82:1 83:1  #40116

data/oraby/A fast parallel algorithm for determining all roots of a polynomial with real roots.txt 
22:-0.99734422
+1 1:1 2:0 3:0 4:0 5:0 6:0 7:0 8:0 9:1 10:0 11:0 12:1 13:0 14:1 15:0 16:0 17:0 18:0 19:1 20:0 21:0 22:1 23:0 24:0 25:0 26:0 27:0 28:0 29:0 30:0 31:0 32:0 33:0 34:0 35:0 36:0 37:0 38:0 39:0 40:0 41:0 42:0 43:0 44:0 45:0 46:0 47:0 48:0 49:0 50:0 51:1 52:-1 53:1 54:-1 55:1 56:1 57:1 58:1 59:-1 60:1 61:-1 62:-1 63:1 64:-1 65:-1 66:-1 67:-1 68:-1 69:1 70:1 71:1 72:-1 73:-1 74:1 75:-1 76:1 77:1 78:1 79:1 80:-1 81:-1 82:1 83:1  #28401

data/oraby/A locality-sensitive hash for real vectors.txt 
15:-1.0007563
+1 1:1 2:0 3:0 4:0 5:0 6:0 7:1 8:0 9:1 10:0 11:1 12:0 13:0 14:1 15:0 16:0 17:0 18:0 19:0 20:0 21:0 22:0 23:0 24:0 25:0 26:0 27:0 28:0 29:0 30:0 31:0 32:0 33:0 34:0 35:0 36:0 37:0 38:0 39:0 40:0 41:0 42:0 43:0 44:0 45:0 46:0 47:0 48:0 49:0 50:0 51:-1 52:-1 53:1 54:-1 55:1 56:1 57:1 58:1 59:1 60:1 61:-1 62:-1 63:-1 64:-1 65:1 66:-1 67:-1 68:-1 69:1 70:1 71:1 72:-1 73:-1 74:-1 75:-1 76:1 77:1 78:1 79:1 80:-1 81:-1 82:1 83:1  #38241

data/oraby/A mean-value performance analysis of a new multiprocessor architecture.txt 
7:-0.99772033
+1 1:1 2:0 3:0 4:0 5:0 6:1 7:0 8:1 9:0 10:0 11:0 12:1 13:0 14:1 15:0 16:0 17:0 18:0 19:1 20:0 21:0 22:1 23:0 24:0 25:0 26:0 27:0 28:0 29:0 30:0 31:0 32:0 33:0 34:0 35:0 36:0 37:0 38:0 39:0 40:0 41:0 42:0 43:0 44:0 45:0 46:0 47:0 48:0 49:0 50:0 51:1 52:-1 53:1 54:-1 55:1 56:1 57:1 58:1 59:1 60:1 61:-1 62:-1 63:1 64:-1 65:1 66:-1 67:-1 68:-1 69:-1 70:-1 71:-1 72:-1 73:-1 74:-1 75:-1 76:1 77:1 78:1 79:1 80:-1 81:-1 82:0 83:1  #63694

data/oraby/A log file design for analyzing secondary storage occupancy.txt 
9:-2.9995814
+1 1:1 2:0 3:0 4:0 5:0 6:0 7:0 8:0 9:1 10:0 11:1 12:0 13:0 14:1 15:0 16:0 17:1 18:0 19:0 20:0 21:0 22:0 23:0 24:0 25:0 26:0 27:0 28:0 29:0 30:0 31:0 32:0 33:0 34:0 35:0 36:0 37:0 38:0 39:0 40:0 41:0 42:0 43:0 44:0 45:0 46:0 47:0 48:0 49:0 50:0 51:-1 52:-1 53:-1 54:1 55:1 56:1 57:1 58:1 59:1 60:1 61:-1 62:-1 63:-1 64:-1 65:-1 66:1 67:-1 68:-1 69:1 70:1 71:1 72:-1 73:-1 74:-1 75:-1 76:1 77:1 78:1 79:1 80:-1 81:-1 82:1 83:1  #16294

data/oraby/A general approach for run-time specialization and its application to C.txt 
20:-0.99943972
+1 1:1 2:0 3:0 4:0 5:0 6:0 7:1 8:0 9:1 10:0 11:1 12:0 13:0 14:1 15:0 16:0 17:0 18:0 19:0 20:0 21:0 22:0 23:0 24:0 25:0 26:0 27:0 28:0 29:0 30:0 31:0 32:0 33:0 34:0 35:0 36:0 37:0 38:0 39:0 40:0 41:0 42:0 43:0 44:0 45:0 46:0 47:0 48:0 49:0 50:0 51:-1 52:-1 53:1 54:1 55:1 56:1 57:1 58:1 59:-1 60:1 61:-1 62:-1 63:-1 64:-1 65:-1 66:1 67:-1 68:-1 69:-1 70:-1 71:-1 72:-1 73:-1 74:1 75:-1 76:1 77:1 78:1 79:1 80:-1 81:-1 82:0 83:0  #49618

data/oraby/Advanced simulation, battle managers, and visualization.txt 
47:-0.99834966
+1 1:1 2:0 3:0 4:0 5:0 6:0 7:1 8:1 9:0 10:0 11:1 12:0 13:0 14:1 15:0 16:0 17:0 18:1 19:0 20:0 21:1 22:0 23:0 24:0 25:0 26:0 27:0 28:0 29:0 30:0 31:0 32:0 33:0 34:0 35:0 36:0 37:0 38:0 39:0 40:0 41:0 42:0 43:0 44:0 45:0 46:0 47:0 48:0 49:0 50:0 51:1 52:-1 53:1 54:-1 55:1 56:1 57:1 58:1 59:1 60:1 61:-1 62:-1 63:1 64:-1 65:1 66:-1 67:-1 68:-1 69:-1 70:1 71:-1 72:-1 73:-1 74:-1 75:-1 76:1 77:1 78:1 79:1 80:1 81:1 82:0 83:0  #30853

data/oraby/Advanced simulation, battle managers, and visualization.txt 
48:-0.99979831
+1 1:1 2:0 3:0 4:0 5:0 6:0 7:1 8:1 9:0 10:0 11:1 12:0 13:0 14:1 15:0 16:0 17:0 18:0 19:0 20:0 21:0 22:0 23:0 24:0 25:0 26:0 27:0 28:0 29:0 30:0 31:0 32:0 33:0 34:0 35:0 36:0 37:0 38:0 39:0 40:0 41:0 42:0 43:0 44:0 45:0 46:0 47:0 48:0 49:0 50:0 51:1 52:-1 53:1 54:-1 55:1 56:1 57:1 58:1 59:1 60:1 61:-1 62:-1 63:1 64:-1 65:1 66:-1 67:-1 68:-1 69:-1 70:-1 71:-1 72:-1 73:-1 74:-1 75:-1 76:1 77:1 78:1 79:1 80:1 81:1 82:0 83:0  #30856

data/oraby/A parallel linear algebra server for Matlab-like environments.txt 
14:1.0002891
-1 1:1 2:0 3:0 4:0 5:0 6:0 7:0 8:0 9:1 10:0 11:1 12:0 13:0 14:1 15:0 16:0 17:0 18:0 19:0 20:0 21:0 22:0 23:0 24:0 25:0 26:0 27:0 28:0 29:0 30:0 31:0 32:0 33:0 34:0 35:0 36:0 37:0 38:0 39:0 40:0 41:0 42:0 43:0 44:0 45:0 46:0 47:0 48:0 49:0 50:0 51:-1 52:-1 53:1 54:-1 55:1 56:1 57:1 58:1 59:1 60:1 61:1 62:1 63:-1 64:-1 65:1 66:-1 67:1 68:1 69:1 70:1 71:1 72:-1 73:-1 74:-1 75:-1 76:-1 77:-1 78:1 79:1 80:-1 81:-1 82:1 83:1  #21063

data/oraby/A novel framework of register allocation for software pipelining.txt 
42:-0.99924562
+1 1:1 2:0 3:0 4:0 5:0 6:0 7:1 8:0 9:1 10:0 11:1 12:0 13:0 14:1 15:0 16:0 17:0 18:0 19:0 20:0 21:0 22:0 23:0 24:0 25:0 26:0 27:0 28:0 29:0 30:0 31:0 32:0 33:0 34:0 35:0 36:0 37:0 38:0 39:0 40:0 41:0 42:0 43:0 44:0 45:0 46:0 47:0 48:0 49:0 50:0 51:1 52:-1 53:1 54:-1 55:1 56:1 57:1 58:1 59:1 60:1 61:-1 62:-1 63:1 64:-1 65:1 66:-1 67:-1 68:-1 69:-1 70:1 71:-1 72:-1 73:-1 74:-1 75:-1 76:1 77:1 78:1 79:1 80:-1 81:-1 82:1 83:1  #53560

data/oraby/A local computer network simulation.txt 
10:-0.99941067
+1 1:1 2:0 3:0 4:0 5:0 6:0 7:0 8:1 9:0 10:0 11:1 12:0 13:0 14:1 15:0 16:0 17:0 18:0 19:0 20:0 21:0 22:0 23:0 24:0 25:0 26:0 27:0 28:0 29:0 30:0 31:0 32:0 33:0 34:0 35:0 36:0 37:0 38:0 39:0 40:0 41:0 42:0 43:0 44:0 45:0 46:0 47:0 48:0 49:0 50:0 51:-1 52:-1 53:-1 54:-1 55:1 56:1 57:1 58:1 59:1 60:1 61:1 62:1 63:-1 64:-1 65:-1 66:-1 67:1 68:1 69:1 70:1 71:1 72:-1 73:-1 74:-1 75:-1 76:-1 77:-1 78:1 79:1 80:1 81:1 82:1 83:1  #14726

data/oraby/A general approximation technique for constrained forest problems.txt 
37:-0.99948514
+1 1:1 2:0 3:0 4:0 5:0 6:0 7:0 8:0 9:1 10:0 11:1 12:0 13:0 14:1 15:0 16:0 17:0 18:1 19:0 20:0 21:1 22:0 23:0 24:0 25:0 26:0 27:0 28:0 29:0 30:0 31:0 32:0 33:0 34:0 35:0 36:0 37:0 38:0 39:0 40:0 41:0 42:0 43:0 44:0 45:0 46:0 47:0 48:0 49:0 50:0 51:1 52:-1 53:1 54:-1 55:1 56:1 57:1 58:1 59:1 60:1 61:-1 62:-1 63:1 64:-1 65:1 66:-1 67:-1 68:-1 69:-1 70:1 71:-1 72:-1 73:-1 74:-1 75:-1 76:1 77:1 78:1 79:1 80:-1 81:-1 82:1 83:1  #39321

data/oraby/A network protocol analyzer with tutorial.txt 
8:-1.0026925
+1 1:1 2:0 3:0 4:0 5:0 6:0 7:0 8:0 9:0 10:0 11:1 12:0 13:0 14:1 15:0 16:0 17:0 18:0 19:0 20:0 21:0 22:0 23:0 24:0 25:0 26:0 27:0 28:0 29:0 30:0 31:0 32:0 33:0 34:0 35:0 36:0 37:0 38:0 39:0 40:0 41:0 42:0 43:0 44:0 45:0 46:0 47:0 48:0 49:0 50:0 51:1 52:-1 53:1 54:1 55:1 56:1 57:1 58:1 59:-1 60:1 61:-1 62:-1 63:1 64:-1 65:-1 66:1 67:-1 68:-1 69:-1 70:-1 71:-1 72:-1 73:-1 74:1 75:-1 76:1 77:1 78:1 79:1 80:-1 81:-1 82:0 83:0  #20384

data/oraby/A network protocol analyzer with tutorial.txt 
16:0.99999145
-1 1:1 2:0 3:0 4:0 5:0 6:0 7:0 8:1 9:0 10:0 11:1 12:0 13:0 14:1 15:0 16:0 17:0 18:0 19:0 20:0 21:0 22:0 23:0 24:0 25:0 26:0 27:0 28:0 29:0 30:0 31:0 32:0 33:0 34:0 35:0 36:0 37:0 38:0 39:0 40:0 41:0 42:0 43:0 44:0 45:0 46:0 47:0 48:0 49:0 50:0 51:-1 52:-1 53:1 54:-1 55:1 56:1 57:1 58:1 59:1 60:1 61:1 62:1 63:-1 64:-1 65:1 66:-1 67:1 68:1 69:1 70:1 71:1 72:-1 73:-1 74:-1 75:-1 76:-1 77:-1 78:1 79:1 80:1 81:1 82:1 83:1  #21364

data/oraby/A dynamic grouping technique for ink and audio notes.txt 
29:-0.99590451
+1 1:1 2:0 3:0 4:0 5:0 6:1 7:0 8:1 9:0 10:0 11:0 12:1 13:0 14:1 15:0 16:0 17:0 18:0 19:1 20:0 21:0 22:1 23:0 24:0 25:0 26:0 27:0 28:0 29:0 30:0 31:0 32:0 33:0 34:0 35:0 36:0 37:0 38:0 39:0 40:0 41:0 42:0 43:0 44:0 45:0 46:0 47:0 48:0 49:0 50:0 51:1 52:-1 53:1 54:1 55:1 56:1 57:1 58:1 59:1 60:1 61:-1 62:-1 63:1 64:-1 65:1 66:1 67:-1 68:-1 69:-1 70:-1 71:-1 72:-1 73:-1 74:-1 75:-1 76:1 77:1 78:1 79:1 80:-1 81:-1 82:0 83:0  #35845

data/oraby/A model of data distribution based on texture analysis.txt 
14:0.5071818
-1 1:1 2:0 3:0 4:0 5:0 6:0 7:0 8:0 9:1 10:0 11:0 12:0 13:0 14:1 15:0 16:0 17:0 18:0 19:0 20:0 21:0 22:0 23:0 24:0 25:0 26:0 27:0 28:0 29:0 30:0 31:0 32:0 33:0 34:0 35:0 36:0 37:0 38:0 39:0 40:0 41:0 42:0 43:0 44:0 45:0 46:0 47:0 48:0 49:0 50:0 51:1 52:-1 53:1 54:-1 55:1 56:1 57:-1 58:1 59:1 60:1 61:1 62:1 63:-1 64:-1 65:1 66:-1 67:1 68:1 69:1 70:1 71:1 72:1 73:-1 74:-1 75:-1 76:-1 77:-1 78:1 79:1 80:1 81:1 82:1 83:1  #26973

data/oraby/An adaptive framework for dynamic access to bandwith at high speeds.txt 
15:-0.99553068
+1 1:1 2:0 3:0 4:0 5:0 6:0 7:1 8:0 9:1 10:0 11:0 12:1 13:0 14:1 15:0 16:0 17:0 18:0 19:1 20:0 21:0 22:1 23:0 24:0 25:0 26:0 27:0 28:0 29:0 30:0 31:0 32:0 33:0 34:0 35:0 36:0 37:0 38:0 39:0 40:0 41:0 42:0 43:0 44:0 45:0 46:0 47:0 48:0 49:0 50:0 51:1 52:-1 53:1 54:1 55:1 56:1 57:1 58:1 59:1 60:1 61:-1 62:-1 63:1 64:-1 65:1 66:1 67:-1 68:-1 69:-1 70:1 71:1 72:-1 73:-1 74:-1 75:-1 76:1 77:1 78:1 79:1 80:-1 81:-1 82:1 83:1  #40325

data/oraby/A morphological study of the form of nature.txt 
5:-1.4955518
+1 1:1 2:0 3:0 4:0 5:0 6:0 7:0 8:0 9:1 10:0 11:0 12:0 13:0 14:1 15:0 16:0 17:0 18:0 19:0 20:0 21:0 22:0 23:0 24:0 25:0 26:0 27:0 28:0 29:0 30:0 31:0 32:0 33:0 34:0 35:0 36:0 37:0 38:0 39:0 40:0 41:0 42:0 43:0 44:0 45:0 46:0 47:0 48:0 49:0 50:0 51:-1 52:-1 53:1 54:-1 55:1 56:1 57:-1 58:1 59:1 60:1 61:-1 62:-1 63:-1 64:-1 65:1 66:-1 67:-1 68:-1 69:1 70:-1 71:1 72:1 73:-1 74:-1 75:-1 76:1 77:1 78:1 79:1 80:1 81:1 82:1 83:1  #15282

data/oraby/A generalized class of polynomials that are hard to factor.txt 
21:-0.99650374
+1 1:1 2:0 3:0 4:0 5:0 6:0 7:0 8:1 9:0 10:0 11:0 12:1 13:0 14:1 15:0 16:0 17:0 18:0 19:0 20:0 21:0 22:0 23:0 24:0 25:0 26:0 27:0 28:0 29:0 30:0 31:0 32:0 33:0 34:0 35:0 36:0 37:0 38:0 39:0 40:0 41:0 42:0 43:0 44:0 45:0 46:0 47:0 48:0 49:0 50:0 51:-1 52:-1 53:1 54:-1 55:1 56:1 57:1 58:1 59:1 60:1 61:-1 62:-1 63:-1 64:-1 65:1 66:-1 67:-1 68:-1 69:-1 70:-1 71:1 72:-1 73:-1 74:-1 75:-1 76:1 77:1 78:1 79:1 80:-1 81:-1 82:0 83:0  #27559

data/oraby/A generalized class of polynomials that are hard to factor.txt 
22:1.000211
-1 1:1 2:0 3:0 4:0 5:0 6:0 7:0 8:1 9:0 10:0 11:1 12:0 13:0 14:1 15:0 16:0 17:0 18:0 19:0 20:0 21:0 22:0 23:0 24:0 25:0 26:0 27:0 28:0 29:0 30:0 31:0 32:0 33:0 34:0 35:0 36:0 37:0 38:0 39:0 40:0 41:0 42:0 43:0 44:0 45:0 46:0 47:0 48:0 49:0 50:0 51:1 52:-1 53:1 54:-1 55:1 56:1 57:1 58:1 59:1 60:1 61:1 62:1 63:1 64:-1 65:1 66:-1 67:1 68:1 69:1 70:1 71:1 72:-1 73:-1 74:-1 75:-1 76:-1 77:-1 78:1 79:1 80:1 81:1 82:1 83:1  #27631

data/oraby/A Java-based simulation manager for optimization and response surface methodology in multiple-response parallel simulation.txt 
14:-0.99573959
+1 1:1 2:0 3:0 4:0 5:0 6:0 7:1 8:1 9:0 10:0 11:0 12:1 13:0 14:1 15:0 16:0 17:0 18:0 19:1 20:0 21:0 22:1 23:0 24:0 25:0 26:0 27:0 28:0 29:0 30:0 31:0 32:0 33:0 34:0 35:0 36:0 37:0 38:0 39:0 40:0 41:0 42:0 43:0 44:0 45:0 46:0 47:0 48:0 49:0 50:0 51:1 52:-1 53:1 54:1 55:1 56:1 57:1 58:1 59:1 60:1 61:-1 62:-1 63:1 64:-1 65:1 66:1 67:-1 68:-1 69:-1 70:-1 71:-1 72:-1 73:-1 74:-1 75:-1 76:1 77:1 78:1 79:1 80:-1 81:-1 82:0 83:0  #19835

data/oraby/A generic simulation package for organising outpatient clinics.txt 
20:-0.999792
+1 1:1 2:0 3:0 4:0 5:0 6:0 7:1 8:1 9:0 10:0 11:1 12:0 13:0 14:1 15:0 16:0 17:0 18:0 19:0 20:0 21:0 22:0 23:0 24:0 25:0 26:0 27:0 28:0 29:0 30:0 31:0 32:0 33:0 34:0 35:0 36:0 37:0 38:0 39:0 40:0 41:0 42:0 43:0 44:0 45:0 46:0 47:0 48:0 49:0 50:0 51:-1 52:-1 53:1 54:1 55:1 56:1 57:1 58:1 59:1 60:1 61:-1 62:-1 63:-1 64:-1 65:1 66:1 67:-1 68:-1 69:-1 70:-1 71:1 72:-1 73:-1 74:-1 75:-1 76:1 77:1 78:1 79:1 80:1 81:1 82:0 83:0  #18981

data/oraby/A parallel multi-operation scheduling problem with machine order constraints.txt 
12:-0.999423
+1 1:1 2:0 3:0 4:0 5:0 6:0 7:1 8:0 9:0 10:0 11:0 12:1 13:0 14:1 15:0 16:0 17:0 18:0 19:1 20:0 21:0 22:1 23:0 24:0 25:0 26:0 27:0 28:0 29:0 30:0 31:0 32:0 33:0 34:0 35:0 36:0 37:0 38:0 39:0 40:0 41:0 42:0 43:0 44:0 45:0 46:0 47:0 48:0 49:0 50:0 51:-1 52:-1 53:1 54:1 55:1 56:1 57:1 58:1 59:-1 60:1 61:-1 62:-1 63:-1 64:-1 65:-1 66:1 67:-1 68:-1 69:-1 70:-1 71:-1 72:-1 73:-1 74:1 75:-1 76:1 77:1 78:1 79:1 80:-1 81:-1 82:0 83:0  #25448

data/oraby/A global synchronization network for a non-deterministic simulation architecture.txt 
21:-0.99854074
+1 1:1 2:0 3:0 4:0 5:0 6:1 7:0 8:0 9:1 10:0 11:1 12:0 13:0 14:1 15:0 16:0 17:0 18:0 19:0 20:0 21:0 22:0 23:0 24:0 25:0 26:0 27:0 28:0 29:0 30:0 31:0 32:0 33:0 34:0 35:0 36:0 37:0 38:0 39:0 40:0 41:0 42:0 43:0 44:0 45:0 46:0 47:0 48:0 49:0 50:0 51:-1 52:-1 53:1 54:-1 55:1 56:1 57:1 58:1 59:1 60:1 61:-1 62:-1 63:-1 64:-1 65:1 66:-1 67:-1 68:-1 69:-1 70:1 71:1 72:-1 73:-1 74:-1 75:-1 76:1 77:1 78:1 79:1 80:1 81:1 82:0 83:0  #36574

data/oraby/A distributed graphics system for large tiled displays.txt 
16:-0.99980202
+1 1:1 2:0 3:0 4:0 5:0 6:0 7:0 8:1 9:0 10:0 11:1 12:0 13:0 14:1 15:0 16:0 17:1 18:0 19:0 20:0 21:0 22:0 23:0 24:0 25:0 26:0 27:0 28:0 29:0 30:0 31:0 32:0 33:0 34:0 35:0 36:0 37:0 38:0 39:0 40:0 41:0 42:0 43:0 44:0 45:0 46:0 47:0 48:0 49:0 50:0 51:-1 52:-1 53:-1 54:-1 55:-1 56:1 57:1 58:1 59:1 60:1 61:1 62:1 63:-1 64:-1 65:-1 66:-1 67:-1 68:1 69:1 70:1 71:1 72:-1 73:-1 74:-1 75:-1 76:-1 77:-1 78:1 79:1 80:1 81:1 82:1 83:1  #49407

data/oraby/A new search algorithm for discrete stochastic optimization.txt 
24:-0.99925809
+1 1:1 2:0 3:0 4:0 5:0 6:0 7:0 8:0 9:0 10:0 11:0 12:1 13:0 14:1 15:0 16:0 17:0 18:0 19:1 20:0 21:0 22:1 23:0 24:0 25:0 26:0 27:0 28:0 29:0 30:0 31:0 32:0 33:0 34:0 35:0 36:0 37:0 38:0 39:0 40:0 41:0 42:0 43:0 44:0 45:0 46:0 47:0 48:0 49:0 50:0 51:1 52:-1 53:1 54:1 55:1 56:1 57:1 58:1 59:1 60:1 61:-1 62:-1 63:1 64:-1 65:1 66:1 67:-1 68:-1 69:-1 70:-1 71:1 72:-1 73:-1 74:-1 75:-1 76:1 77:1 78:1 79:1 80:-1 81:-1 82:0 83:0  #19868

data/oraby/A likelihood based framework for assessing network evolution models tested on real network data.txt 
13:-1.0008323
+1 1:1 2:0 3:0 4:0 5:0 6:0 7:1 8:0 9:1 10:0 11:1 12:0 13:0 14:1 15:0 16:0 17:0 18:0 19:0 20:0 21:0 22:0 23:0 24:0 25:0 26:0 27:0 28:0 29:0 30:0 31:0 32:0 33:0 34:0 35:0 36:0 37:0 38:0 39:0 40:0 41:0 42:0 43:0 44:0 45:0 46:0 47:0 48:0 49:0 50:0 51:-1 52:-1 53:1 54:-1 55:1 56:1 57:1 58:1 59:-1 60:1 61:1 62:-1 63:-1 64:-1 65:-1 66:-1 67:1 68:-1 69:1 70:1 71:1 72:-1 73:-1 74:1 75:-1 76:-1 77:1 78:1 79:1 80:-1 81:-1 82:1 83:1  #26517

data/oraby/A hard-constraint time-stepping approach for rigid multibody dynamics with joints, contact, and friction.txt 
33:-1.0036517
+1 1:1 2:0 3:0 4:0 5:0 6:0 7:0 8:0 9:0 10:0 11:1 12:0 13:0 14:1 15:0 16:0 17:0 18:0 19:0 20:0 21:0 22:0 23:0 24:0 25:0 26:0 27:0 28:0 29:0 30:0 31:0 32:0 33:0 34:0 35:0 36:0 37:0 38:0 39:0 40:0 41:0 42:0 43:0 44:0 45:0 46:0 47:0 48:0 49:0 50:0 51:-1 52:-1 53:1 54:1 55:1 56:1 57:1 58:1 59:1 60:1 61:-1 62:-1 63:-1 64:-1 65:1 66:1 67:-1 68:-1 69:1 70:1 71:1 72:-1 73:-1 74:-1 75:-1 76:1 77:1 78:1 79:1 80:-1 81:-1 82:1 83:1  #28137

data/oraby/A doubly logarithmic communication algorithm for the completely connected optical communication parallel computer.txt 
14:1.0002965
-1 1:1 2:0 3:0 4:0 5:0 6:0 7:0 8:0 9:1 10:0 11:1 12:0 13:0 14:1 15:0 16:0 17:0 18:0 19:0 20:0 21:0 22:0 23:0 24:0 25:0 26:0 27:0 28:0 29:0 30:0 31:0 32:0 33:0 34:0 35:0 36:0 37:0 38:0 39:0 40:0 41:0 42:0 43:0 44:0 45:0 46:0 47:0 48:0 49:0 50:0 51:-1 52:-1 53:1 54:-1 55:1 56:1 57:1 58:1 59:1 60:1 61:1 62:1 63:-1 64:-1 65:1 66:-1 67:1 68:1 69:1 70:1 71:1 72:-1 73:-1 74:-1 75:-1 76:-1 77:-1 78:1 79:1 80:1 81:1 82:1 83:1  #48010

data/oraby/A gradient approach for smartly allocating computing budget for discrete event simulation.txt 
24:-0.99947764
+1 1:1 2:0 3:0 4:0 5:0 6:0 7:1 8:0 9:0 10:0 11:0 12:1 13:0 14:1 15:0 16:0 17:0 18:0 19:1 20:0 21:0 22:1 23:0 24:0 25:0 26:0 27:0 28:0 29:0 30:0 31:0 32:0 33:0 34:0 35:0 36:0 37:0 38:0 39:0 40:0 41:0 42:0 43:0 44:0 45:0 46:0 47:0 48:0 49:0 50:0 51:-1 52:-1 53:1 54:1 55:1 56:1 57:1 58:1 59:1 60:1 61:-1 62:-1 63:-1 64:-1 65:1 66:1 67:-1 68:-1 69:-1 70:-1 71:1 72:-1 73:-1 74:-1 75:-1 76:1 77:1 78:1 79:1 80:-1 81:-1 82:0 83:0  #28675

data/oraby/A gradient approach for smartly allocating computing budget for discrete event simulation.txt 
37:0.99999145
-1 1:1 2:0 3:0 4:0 5:0 6:0 7:1 8:1 9:0 10:0 11:1 12:0 13:0 14:1 15:0 16:0 17:0 18:0 19:0 20:0 21:0 22:0 23:0 24:0 25:0 26:0 27:0 28:0 29:0 30:0 31:0 32:0 33:0 34:0 35:0 36:0 37:0 38:0 39:0 40:0 41:0 42:0 43:0 44:0 45:0 46:0 47:0 48:0 49:0 50:0 51:-1 52:-1 53:1 54:-1 55:1 56:1 57:1 58:1 59:1 60:1 61:1 62:1 63:-1 64:-1 65:1 66:-1 67:1 68:1 69:1 70:1 71:1 72:-1 73:-1 74:-1 75:-1 76:-1 77:-1 78:1 79:1 80:1 81:1 82:1 83:1  #30416

data/oraby/A distributed shared virtual memory for Ada 83 and Ada 9X applications.txt 
23:-1.0081774
+1 1:1 2:0 3:0 4:0 5:0 6:0 7:1 8:0 9:0 10:0 11:1 12:0 13:0 14:1 15:0 16:0 17:0 18:1 19:0 20:0 21:1 22:0 23:0 24:0 25:0 26:0 27:0 28:0 29:0 30:0 31:0 32:0 33:0 34:0 35:0 36:0 37:0 38:0 39:0 40:0 41:0 42:0 43:0 44:0 45:0 46:0 47:0 48:0 49:0 50:0 51:1 52:-1 53:1 54:-1 55:-1 56:1 57:1 58:1 59:1 60:1 61:-1 62:-1 63:1 64:-1 65:1 66:-1 67:-1 68:-1 69:-1 70:-1 71:1 72:-1 73:-1 74:-1 75:-1 76:1 77:1 78:1 79:1 80:-1 81:-1 82:0 83:0  #44460

data/oraby/A distributed shared virtual memory for Ada 83 and Ada 9X applications.txt 
30:0.99999145
-1 1:1 2:0 3:0 4:0 5:0 6:0 7:1 8:1 9:0 10:0 11:1 12:0 13:0 14:1 15:0 16:0 17:0 18:0 19:0 20:0 21:0 22:0 23:0 24:0 25:0 26:0 27:0 28:0 29:0 30:0 31:0 32:0 33:0 34:0 35:0 36:0 37:0 38:0 39:0 40:0 41:0 42:0 43:0 44:0 45:0 46:0 47:0 48:0 49:0 50:0 51:-1 52:-1 53:1 54:-1 55:1 56:1 57:1 58:1 59:1 60:1 61:1 62:1 63:-1 64:-1 65:1 66:-1 67:1 68:1 69:1 70:1 71:1 72:-1 73:-1 74:-1 75:-1 76:-1 77:-1 78:1 79:1 80:1 81:1 82:1 83:1  #46105

data/oraby/Alleviation of tree saturation in multistage interconnection networks.txt 
30:0.50775143
-1 1:1 2:0 3:0 4:0 5:0 6:0 7:0 8:0 9:1 10:0 11:0 12:0 13:0 14:1 15:0 16:0 17:0 18:0 19:0 20:0 21:0 22:0 23:0 24:0 25:0 26:0 27:0 28:0 29:0 30:0 31:0 32:0 33:0 34:0 35:0 36:0 37:0 38:0 39:0 40:0 41:0 42:0 43:0 44:0 45:0 46:0 47:0 48:0 49:0 50:0 51:1 52:-1 53:1 54:1 55:1 56:1 57:-1 58:1 59:1 60:1 61:1 62:1 63:-1 64:-1 65:1 66:1 67:1 68:1 69:1 70:1 71:1 72:1 73:-1 74:-1 75:-1 76:-1 77:-1 78:1 79:1 80:-1 81:-1 82:1 83:1  #35388

data/oraby/A new constructive root bound for algebraic expressions.txt 
21:1.0005087
-1 1:1 2:0 3:0 4:0 5:0 6:0 7:0 8:0 9:1 10:0 11:1 12:0 13:0 14:1 15:0 16:0 17:0 18:0 19:0 20:0 21:0 22:0 23:0 24:0 25:0 26:0 27:0 28:0 29:0 30:0 31:0 32:0 33:0 34:0 35:0 36:0 37:0 38:0 39:0 40:0 41:0 42:0 43:0 44:0 45:0 46:0 47:0 48:0 49:0 50:0 51:1 52:-1 53:1 54:-1 55:1 56:1 57:1 58:1 59:1 60:1 61:1 62:1 63:1 64:-1 65:1 66:-1 67:1 68:1 69:1 70:1 71:1 72:-1 73:-1 74:-1 75:-1 76:-1 77:-1 78:1 79:1 80:-1 81:-1 82:1 83:1  #35644

data/oraby/A lighting model aiming at drive simulators.txt 
21:-0.99913579
+1 1:1 2:0 3:0 4:0 5:0 6:0 7:0 8:0 9:1 10:0 11:0 12:1 13:0 14:1 15:0 16:0 17:0 18:0 19:1 20:0 21:0 22:1 23:0 24:0 25:0 26:0 27:0 28:0 29:0 30:0 31:0 32:0 33:0 34:0 35:0 36:0 37:0 38:0 39:0 40:0 41:0 42:0 43:0 44:0 45:0 46:0 47:0 48:0 49:0 50:0 51:1 52:-1 53:1 54:1 55:1 56:1 57:-1 58:1 59:1 60:1 61:-1 62:-1 63:-1 64:-1 65:1 66:1 67:-1 68:-1 69:-1 70:-1 71:-1 72:1 73:-1 74:-1 75:-1 76:1 77:1 78:1 79:1 80:-1 81:-1 82:0 83:0  #17479

data/oraby/Algorithmic strategies in combinatorial chemistry.txt 
27:-1.0003746
+1 1:1 2:0 3:0 4:0 5:0 6:0 7:0 8:0 9:1 10:0 11:0 12:1 13:0 14:1 15:0 16:0 17:0 18:0 19:1 20:0 21:0 22:1 23:0 24:0 25:0 26:0 27:0 28:0 29:0 30:0 31:0 32:0 33:0 34:0 35:0 36:0 37:0 38:0 39:0 40:0 41:0 42:0 43:0 44:0 45:0 46:0 47:0 48:0 49:0 50:0 51:1 52:-1 53:1 54:1 55:1 56:1 57:-1 58:1 59:1 60:1 61:-1 62:-1 63:-1 64:-1 65:1 66:1 67:-1 68:-1 69:-1 70:-1 71:-1 72:1 73:-1 74:-1 75:-1 76:1 77:1 78:1 79:1 80:-1 81:-1 82:0 83:1  #41243

data/oraby/Algorithms and complexity analysis for some flow problems.txt 
33:0.50687787
-1 1:1 2:0 3:0 4:0 5:0 6:0 7:0 8:0 9:1 10:0 11:0 12:0 13:0 14:1 15:0 16:0 17:0 18:0 19:0 20:0 21:0 22:0 23:0 24:0 25:0 26:0 27:0 28:0 29:0 30:0 31:0 32:0 33:0 34:0 35:0 36:0 37:0 38:0 39:0 40:0 41:0 42:0 43:0 44:0 45:0 46:0 47:0 48:0 49:0 50:0 51:1 52:-1 53:1 54:-1 55:1 56:1 57:-1 58:1 59:-1 60:1 61:1 62:1 63:-1 64:-1 65:-1 66:-1 67:1 68:1 69:1 70:1 71:1 72:1 73:-1 74:1 75:-1 76:-1 77:-1 78:1 79:1 80:-1 81:-1 82:1 83:1  #50594

data/oraby/A Monte Carlo based simulation network model for a chronic progressive disease.txt 
48:-0.99809232
+1 1:1 2:0 3:0 4:0 5:0 6:0 7:1 8:0 9:0 10:0 11:0 12:1 13:0 14:1 15:0 16:0 17:0 18:0 19:1 20:0 21:0 22:1 23:0 24:0 25:0 26:0 27:0 28:0 29:0 30:0 31:0 32:0 33:0 34:0 35:0 36:0 37:0 38:0 39:0 40:0 41:0 42:0 43:0 44:0 45:0 46:0 47:0 48:0 49:0 50:0 51:1 52:-1 53:1 54:-1 55:1 56:1 57:1 58:1 59:-1 60:1 61:-1 62:-1 63:1 64:-1 65:-1 66:-1 67:-1 68:-1 69:-1 70:1 71:-1 72:-1 73:-1 74:1 75:-1 76:1 77:1 78:1 79:1 80:-1 81:-1 82:0 83:0  #37861

data/oraby/A Monte Carlo based simulation network model for a chronic progressive disease.txt 
54:0.99999145
-1 1:1 2:0 3:0 4:0 5:0 6:0 7:1 8:1 9:0 10:0 11:1 12:0 13:0 14:1 15:0 16:0 17:0 18:0 19:0 20:0 21:0 22:0 23:0 24:0 25:0 26:0 27:0 28:0 29:0 30:0 31:0 32:0 33:0 34:0 35:0 36:0 37:0 38:0 39:0 40:0 41:0 42:0 43:0 44:0 45:0 46:0 47:0 48:0 49:0 50:0 51:-1 52:-1 53:1 54:-1 55:1 56:1 57:1 58:1 59:1 60:1 61:1 62:1 63:-1 64:-1 65:1 66:-1 67:1 68:1 69:1 70:1 71:1 72:-1 73:-1 74:-1 75:-1 76:-1 77:-1 78:1 79:1 80:1 81:1 82:1 83:1  #39138

data/oraby/A logic programming model of the game of sprouts.txt 
6:-0.99941067
+1 1:1 2:0 3:0 4:0 5:0 6:0 7:0 8:1 9:0 10:0 11:1 12:0 13:0 14:1 15:0 16:0 17:0 18:0 19:0 20:0 21:0 22:0 23:0 24:0 25:0 26:0 27:0 28:0 29:0 30:0 31:0 32:0 33:0 34:0 35:0 36:0 37:0 38:0 39:0 40:0 41:0 42:0 43:0 44:0 45:0 46:0 47:0 48:0 49:0 50:0 51:-1 52:-1 53:-1 54:-1 55:1 56:1 57:1 58:1 59:1 60:1 61:1 62:1 63:-1 64:-1 65:-1 66:-1 67:1 68:1 69:1 70:1 71:1 72:-1 73:-1 74:-1 75:-1 76:-1 77:-1 78:1 79:1 80:1 81:1 82:1 83:1  #18023

data/oraby/A performance analysis of view materialization strategies.txt 
23:-1.0011459
+1 1:1 2:0 3:0 4:0 5:0 6:0 7:0 8:0 9:1 10:0 11:1 12:0 13:0 14:1 15:0 16:0 17:0 18:0 19:0 20:0 21:0 22:0 23:0 24:0 25:0 26:0 27:0 28:0 29:0 30:0 31:0 32:0 33:0 34:0 35:0 36:0 37:0 38:0 39:0 40:0 41:0 42:0 43:0 44:0 45:0 46:0 47:0 48:0 49:0 50:0 51:-1 52:-1 53:1 54:-1 55:1 56:1 57:1 58:1 59:1 60:1 61:-1 62:-1 63:-1 64:-1 65:1 66:-1 67:-1 68:-1 69:-1 70:-1 71:-1 72:-1 73:-1 74:-1 75:-1 76:1 77:1 78:1 79:1 80:1 81:1 82:1 83:1  #58658

data/oraby/A layout strategy for VLSI which is provably good (Extended Abstract).txt 
63:0.5071744
-1 1:1 2:0 3:0 4:0 5:0 6:0 7:0 8:0 9:1 10:0 11:0 12:0 13:0 14:1 15:0 16:0 17:0 18:0 19:0 20:0 21:0 22:0 23:0 24:0 25:0 26:0 27:0 28:0 29:0 30:0 31:0 32:0 33:0 34:0 35:0 36:0 37:0 38:0 39:0 40:0 41:0 42:0 43:0 44:0 45:0 46:0 47:0 48:0 49:0 50:0 51:1 52:-1 53:1 54:-1 55:1 56:1 57:-1 58:1 59:1 60:1 61:1 62:1 63:-1 64:-1 65:1 66:-1 67:1 68:1 69:1 70:1 71:1 72:1 73:-1 74:-1 75:-1 76:-1 77:-1 78:1 79:1 80:-1 81:-1 82:1 83:1  #62978

data/oraby/A framework for shared applications with a replicated architecture.txt 
38:0.50775143
-1 1:1 2:0 3:0 4:0 5:0 6:0 7:0 8:0 9:1 10:0 11:0 12:0 13:0 14:1 15:0 16:0 17:0 18:0 19:0 20:0 21:0 22:0 23:0 24:0 25:0 26:0 27:0 28:0 29:0 30:0 31:0 32:0 33:0 34:0 35:0 36:0 37:0 38:0 39:0 40:0 41:0 42:0 43:0 44:0 45:0 46:0 47:0 48:0 49:0 50:0 51:1 52:-1 53:1 54:1 55:1 56:1 57:-1 58:1 59:1 60:1 61:1 62:1 63:-1 64:-1 65:1 66:1 67:1 68:1 69:1 70:1 71:1 72:1 73:-1 74:-1 75:-1 76:-1 77:-1 78:1 79:1 80:-1 81:-1 82:1 83:1  #42153

data/oraby/A hybrid of neural net and branch and bound techniques for seismic horizon tracking.txt 
14:-1.4975123
+1 1:1 2:0 3:0 4:0 5:0 6:0 7:0 8:0 9:0 10:0 11:0 12:0 13:0 14:1 15:0 16:0 17:0 18:0 19:0 20:0 21:0 22:0 23:0 24:0 25:0 26:0 27:0 28:0 29:0 30:0 31:0 32:0 33:0 34:0 35:0 36:0 37:0 38:0 39:0 40:0 41:0 42:0 43:0 44:0 45:0 46:0 47:0 48:0 49:0 50:0 51:1 52:-1 53:1 54:1 55:1 56:1 57:-1 58:1 59:-1 60:1 61:-1 62:-1 63:-1 64:-1 65:-1 66:1 67:-1 68:-1 69:1 70:-1 71:1 72:1 73:-1 74:1 75:-1 76:1 77:1 78:1 79:1 80:-1 81:-1 82:1 83:0  #17376

data/oraby/A dynamic cluster maintenance system for information retrieval.txt 
19:-0.99903759
+1 1:1 2:0 3:0 4:0 5:0 6:0 7:0 8:0 9:1 10:0 11:1 12:0 13:0 14:1 15:0 16:0 17:0 18:0 19:0 20:0 21:0 22:0 23:0 24:0 25:0 26:0 27:0 28:0 29:0 30:0 31:0 32:0 33:0 34:0 35:0 36:0 37:0 38:0 39:0 40:0 41:0 42:0 43:0 44:0 45:0 46:0 47:0 48:0 49:0 50:0 51:-1 52:-1 53:1 54:1 55:1 56:1 57:1 58:1 59:1 60:1 61:-1 62:-1 63:-1 64:-1 65:1 66:1 67:-1 68:-1 69:-1 70:1 71:1 72:-1 73:-1 74:-1 75:-1 76:1 77:1 78:1 79:1 80:1 81:1 82:0 83:1  #40330

data/oraby/A dynamic cluster maintenance system for information retrieval.txt 
20:0.99999145
-1 1:1 2:0 3:0 4:0 5:0 6:0 7:0 8:1 9:0 10:0 11:1 12:0 13:0 14:1 15:0 16:0 17:0 18:0 19:0 20:0 21:0 22:0 23:0 24:0 25:0 26:0 27:0 28:0 29:0 30:0 31:0 32:0 33:0 34:0 35:0 36:0 37:0 38:0 39:0 40:0 41:0 42:0 43:0 44:0 45:0 46:0 47:0 48:0 49:0 50:0 51:-1 52:-1 53:1 54:-1 55:1 56:1 57:1 58:1 59:1 60:1 61:1 62:1 63:-1 64:-1 65:1 66:-1 67:1 68:1 69:1 70:1 71:1 72:-1 73:-1 74:-1 75:-1 76:-1 77:-1 78:1 79:1 80:1 81:1 82:1 83:1  #40502

data/oraby/A genetic approach to color image compression.txt 
17:-1.4885566
+1 1:1 2:0 3:0 4:0 5:0 6:0 7:0 8:0 9:1 10:0 11:0 12:0 13:0 14:1 15:0 16:0 17:0 18:0 19:0 20:0 21:0 22:0 23:0 24:0 25:0 26:0 27:0 28:0 29:0 30:0 31:0 32:0 33:0 34:0 35:0 36:0 37:0 38:0 39:0 40:0 41:0 42:0 43:0 44:0 45:0 46:0 47:0 48:0 49:0 50:0 51:1 52:-1 53:1 54:1 55:1 56:1 57:1 58:1 59:1 60:1 61:-1 62:-1 63:1 64:-1 65:1 66:1 67:-1 68:-1 69:-1 70:-1 71:-1 72:-1 73:-1 74:-1 75:-1 76:1 77:1 78:1 79:1 80:-1 81:-1 82:0 83:0  #19910

data/oraby/A parallel application interface.txt 
7:-0.99532581
+1 1:1 2:0 3:0 4:0 5:0 6:0 7:0 8:1 9:0 10:0 11:0 12:1 13:0 14:1 15:0 16:0 17:0 18:0 19:0 20:0 21:0 22:0 23:0 24:0 25:0 26:0 27:0 28:0 29:0 30:0 31:0 32:0 33:0 34:0 35:0 36:0 37:0 38:0 39:0 40:0 41:0 42:0 43:0 44:0 45:0 46:0 47:0 48:0 49:0 50:0 51:1 52:-1 53:-1 54:-1 55:1 56:1 57:1 58:1 59:1 60:1 61:1 62:1 63:1 64:-1 65:-1 66:-1 67:1 68:1 69:1 70:1 71:1 72:-1 73:-1 74:-1 75:-1 76:-1 77:-1 78:1 79:1 80:-1 81:-1 82:1 83:1  #16058

data/oraby/(Almost) optimal coordination mechanisms for unrelated machine scheduling.txt 
27:-1.0007102
+1 1:1 2:0 3:0 4:0 5:0 6:0 7:1 8:1 9:0 10:0 11:1 12:0 13:0 14:1 15:0 16:0 17:0 18:0 19:0 20:0 21:0 22:0 23:0 24:0 25:0 26:0 27:0 28:0 29:0 30:0 31:0 32:0 33:0 34:0 35:0 36:0 37:0 38:0 39:0 40:0 41:0 42:0 43:0 44:0 45:0 46:0 47:0 48:0 49:0 50:0 51:-1 52:-1 53:1 54:-1 55:1 56:1 57:1 58:1 59:1 60:1 61:-1 62:-1 63:-1 64:-1 65:1 66:-1 67:-1 68:-1 69:1 70:1 71:-1 72:-1 73:-1 74:-1 75:-1 76:1 77:1 78:1 79:1 80:-1 81:-1 82:1 83:1  #43243

data/oraby/A method for generating random cutting-tool requirement matrices for manufacturing systems simulation.txt 
4:-1.0031852
+1 1:1 2:0 3:0 4:0 5:0 6:0 7:0 8:0 9:0 10:0 11:1 12:0 13:0 14:1 15:0 16:0 17:0 18:0 19:0 20:0 21:0 22:0 23:0 24:0 25:0 26:0 27:0 28:0 29:0 30:0 31:0 32:0 33:0 34:0 35:0 36:0 37:0 38:0 39:0 40:0 41:0 42:0 43:0 44:0 45:0 46:0 47:0 48:0 49:0 50:0 51:-1 52:-1 53:1 54:-1 55:1 56:1 57:1 58:1 59:1 60:1 61:-1 62:-1 63:-1 64:-1 65:1 66:-1 67:-1 68:-1 69:-1 70:-1 71:-1 72:-1 73:-1 74:-1 75:-1 76:1 77:1 78:1 79:1 80:1 81:1 82:0 83:0  #23197

data/oraby/A hierarchical illumination algorithm for surfaces with glossy reflection.txt 
28:-0.99922867
+1 1:1 2:0 3:0 4:0 5:0 6:0 7:1 8:1 9:0 10:0 11:1 12:0 13:0 14:1 15:0 16:0 17:0 18:0 19:0 20:0 21:0 22:0 23:0 24:0 25:0 26:0 27:0 28:0 29:0 30:0 31:0 32:0 33:0 34:0 35:0 36:0 37:0 38:0 39:0 40:0 41:0 42:0 43:0 44:0 45:0 46:0 47:0 48:0 49:0 50:0 51:1 52:-1 53:1 54:1 55:1 56:1 57:1 58:1 59:1 60:1 61:-1 62:-1 63:1 64:-1 65:1 66:1 67:-1 68:-1 69:-1 70:-1 71:-1 72:-1 73:-1 74:-1 75:-1 76:1 77:1 78:1 79:1 80:-1 81:-1 82:0 83:0  #33658

