#paper 23 (data/orbz_sec/An approach to the introductory computer science course for non-majors.txt)

1:-1.0002378

	+1 qid:23 1:0 2:0 3:0 4:0 5:0 6:0 7:0 8:0 9:0 10:0 11:0 12:0 13:0 14:0 15:0 16:1 17:0 18:0 19:0 20:0 21:1 22:0 23:0 24:0 25:0 

#paper 34 (data/orbz_sec/An approach for evaluating the performance efficiency of Ada compilers.txt)

3:1.000454

	-1 qid:34 1:1 2:0 3:0 4:0 5:0 6:0 7:0 8:1 9:0 10:0 11:0 12:0 13:1 14:0 15:0 16:0 17:0 18:1 19:0 20:0 21:0 22:0 23:1 24:0 25:0 

#paper 66 (data/orbz_sec/Anticipatory instruction scheduling.txt)

1:0.99959971

	-1 qid:66 1:1 2:0 3:0 4:0 5:0 6:1 7:0 8:0 9:0 10:0 11:1 12:0 13:0 14:0 15:0 16:1 17:0 18:0 19:0 20:0 21:1 22:0 23:0 24:0 25:0 

#paper 70 (data/orbz_sec/An adversarial model for distributed dynamic load balancing.txt)

1:0.99959971

	-1 qid:70 1:1 2:0 3:0 4:0 5:0 6:1 7:0 8:0 9:0 10:0 11:1 12:0 13:0 14:0 15:0 16:1 17:0 18:0 19:0 20:0 21:1 22:0 23:0 24:0 25:0 

#paper 70 (data/orbz_sec/An adversarial model for distributed dynamic load balancing.txt)

5:-1.0017106

	+1 qid:70 1:0 2:1 3:0 4:0 5:0 6:0 7:0 8:1 9:0 10:0 11:0 12:0 13:1 14:0 15:0 16:0 17:0 18:0 19:0 20:1 21:0 22:0 23:0 24:0 25:1 

#paper 82 (data/orbz_sec/An analysis of diffusive load-balancing.txt)

1:0.99959971

	-1 qid:82 1:1 2:0 3:0 4:0 5:0 6:1 7:0 8:0 9:0 10:0 11:1 12:0 13:0 14:0 15:0 16:1 17:0 18:0 19:0 20:0 21:1 22:0 23:0 24:0 25:0 

#paper 108 (data/orbz/An undergraduate course in applied data communications.txt)

2:0.99980738

	-1 qid:108 1:1 2:0 3:0 4:0 5:0 6:0 7:1 8:0 9:0 10:0 11:0 12:1 13:0 14:0 15:0 16:0 17:1 18:0 19:0 20:0 21:0 22:1 23:0 24:0 25:0 

#paper 111 (data/orbz/An optimal parallel algorithm for detecting weak visibility of a simple polygon.txt)

1:0.99959971

	-1 qid:111 1:1 2:0 3:0 4:0 5:0 6:1 7:0 8:0 9:0 10:0 11:1 12:0 13:0 14:0 15:0 16:1 17:0 18:0 19:0 20:0 21:1 22:0 23:0 24:0 25:0 

#paper 132 (data/orbz/An undergraduate compiler laboratory.txt)

1:-1.0002378

	+1 qid:132 1:0 2:0 3:0 4:0 5:0 6:0 7:0 8:0 9:0 10:0 11:0 12:0 13:0 14:0 15:0 16:1 17:0 18:0 19:0 20:0 21:1 22:0 23:0 24:0 25:0 

#paper 132 (data/orbz/An undergraduate compiler laboratory.txt)

4:1.0001635

	-1 qid:132 1:1 2:0 3:0 4:0 5:0 6:1 7:0 8:0 9:0 10:0 11:0 12:1 13:0 14:0 15:0 16:0 17:0 18:1 19:0 20:0 21:0 22:0 23:0 24:1 25:0 

#paper 138 (data/orbz/An object-oriented approach to algorithm visualization&#8212;easy, extensible, and dynamic.txt)

1:-1.0002378

	+1 qid:138 1:0 2:0 3:0 4:0 5:0 6:0 7:0 8:0 9:0 10:0 11:0 12:0 13:0 14:0 15:0 16:1 17:0 18:0 19:0 20:0 21:1 22:0 23:0 24:0 25:0 

#paper 139 (data/orbz/An optical simulation of shared memory.txt)

2:0.99983757

	-1 qid:139 1:1 2:0 3:0 4:0 5:0 6:1 7:0 8:0 9:0 10:0 11:1 12:0 13:0 14:0 15:0 16:0 17:1 18:0 19:0 20:0 21:0 22:1 23:0 24:0 25:0 

#paper 156 (data/orbz/An object-oriented modeling of the history of optimal retrievals.txt)

1:-1.0002898

	+1 qid:156 1:0 2:0 3:0 4:0 5:0 6:1 7:0 8:0 9:0 10:0 11:1 12:0 13:0 14:0 15:0 16:1 17:0 18:0 19:0 20:0 21:1 22:0 23:0 24:0 25:0 

#paper 157 (data/orbz/An introductory algorithm teacher.txt)

2:-0.99999997

	+1 qid:157 1:0 2:0 3:0 4:0 5:0 6:0 7:0 8:0 9:0 10:0 11:0 12:0 13:0 14:0 15:0 16:0 17:1 18:0 19:0 20:0 21:0 22:1 23:0 24:0 25:0 

#paper 157 (data/orbz/An introductory algorithm teacher.txt)

3:1.0006869

	-1 qid:157 1:1 2:0 3:0 4:0 5:0 6:0 7:1 8:0 9:0 10:0 11:0 12:1 13:0 14:0 15:0 16:0 17:0 18:1 19:0 20:0 21:0 22:0 23:1 24:0 25:0 

#paper 164 (data/orbz/An interruptible algorithm for perfect sampling via Markov chains.txt)

3:-1.000747

	+1 qid:164 1:0 2:0 3:0 4:0 5:0 6:0 7:0 8:0 9:0 10:0 11:1 12:0 13:0 14:0 15:0 16:1 17:0 18:0 19:0 20:0 21:0 22:0 23:1 24:0 25:0 

#paper 164 (data/orbz/An interruptible algorithm for perfect sampling via Markov chains.txt)

6:0.77998016

	-1 qid:164 1:1 2:0 3:0 4:0 5:0 6:0 7:1 8:0 9:0 10:0 11:0 12:0 13:0 14:1 15:0 16:0 17:0 18:0 19:1 20:0 21:0 22:0 23:0 24:0 25:1 

#paper 236 (data/fa/3D-model-based face replacement in video.txt)

1:-1.0002898

	+1 qid:236 1:0 2:0 3:0 4:0 5:0 6:1 7:0 8:0 9:0 10:0 11:1 12:0 13:0 14:0 15:0 16:1 17:0 18:0 19:0 20:0 21:1 22:0 23:0 24:0 25:0 

#paper 283 (data/fa/3D Galatea.txt)

1:-1.0002898

	+1 qid:283 1:0 2:0 3:0 4:0 5:0 6:1 7:0 8:0 9:0 10:0 11:1 12:0 13:0 14:0 15:0 16:1 17:0 18:0 19:0 20:0 21:1 22:0 23:0 24:0 25:0 

#paper 296 (data/oraby/A logical view of composition and refinement.txt)

1:0.99959971

	-1 qid:296 1:1 2:0 3:0 4:0 5:0 6:1 7:0 8:0 9:0 10:0 11:1 12:0 13:0 14:0 15:0 16:1 17:0 18:0 19:0 20:0 21:1 22:0 23:0 24:0 25:0 

#paper 308 (data/oraby/A parallel algorithm for linear programming in fixed dimension.txt)

1:0.99959971

	-1 qid:308 1:1 2:0 3:0 4:0 5:0 6:1 7:0 8:0 9:0 10:0 11:1 12:0 13:0 14:0 15:0 16:1 17:0 18:0 19:0 20:0 21:1 22:0 23:0 24:0 25:0 

#paper 410 (data/oraby/A graphical programming environment in Ada.txt)

1:0.99959971

	-1 qid:410 1:1 2:0 3:0 4:0 5:0 6:1 7:0 8:0 9:0 10:0 11:1 12:0 13:0 14:0 15:0 16:1 17:0 18:0 19:0 20:0 21:1 22:0 23:0 24:0 25:0 

#paper 411 (data/oraby/A hybrid genetic algorithm for an NP-complete problem with an expensive evaluation function.txt)

1:-1.0002378

	+1 qid:411 1:0 2:0 3:0 4:0 5:0 6:0 7:0 8:0 9:0 10:0 11:0 12:0 13:0 14:0 15:0 16:1 17:0 18:0 19:0 20:0 21:1 22:0 23:0 24:0 25:0 

#paper 434 (data/oraby/Aligning sequences via an evolutionary tree.txt)

6:0.99861384

	-1 qid:434 1:1 2:0 3:0 4:0 5:0 6:1 7:0 8:0 9:0 10:0 11:1 12:0 13:0 14:0 15:0 16:1 17:0 18:0 19:0 20:0 21:0 22:0 23:0 24:0 25:1 

#paper 438 (data/oraby/A dynamic extent control operator for partial continuations.txt)

2:-0.99999997

	+1 qid:438 1:0 2:0 3:0 4:0 5:0 6:0 7:0 8:0 9:0 10:0 11:0 12:0 13:0 14:0 15:0 16:0 17:1 18:0 19:0 20:0 21:0 22:1 23:0 24:0 25:0 

#paper 469 (data/oraby/A mean-value performance analysis of a new multiprocessor architecture.txt)

3:1.000454

	-1 qid:469 1:1 2:0 3:0 4:0 5:0 6:0 7:0 8:1 9:0 10:0 11:0 12:0 13:1 14:0 15:0 16:0 17:0 18:1 19:0 20:0 21:0 22:0 23:1 24:0 25:0 

#paper 478 (data/oraby/A digital fountain approach to reliable distribution of bulk data.txt)

1:0.99959971

	-1 qid:478 1:1 2:0 3:0 4:0 5:0 6:1 7:0 8:0 9:0 10:0 11:1 12:0 13:0 14:0 15:0 16:1 17:0 18:0 19:0 20:0 21:1 22:0 23:0 24:0 25:0 

#paper 490 (data/oraby/ALMTF++.txt)

1:-1.0002992

	+1 qid:490 1:0 2:0 3:0 4:0 5:0 6:0 7:0 8:0 9:0 10:0 11:0 12:0 13:0 14:0 15:0 16:0 17:0 18:0 19:0 20:0 21:1 22:0 23:0 24:0 25:0 

#paper 498 (data/oraby/A novel framework of register allocation for software pipelining.txt)

1:0.99959971

	-1 qid:498 1:1 2:0 3:0 4:0 5:0 6:1 7:0 8:0 9:0 10:0 11:1 12:0 13:0 14:0 15:0 16:1 17:0 18:0 19:0 20:0 21:1 22:0 23:0 24:0 25:0 

#paper 505 (data/oraby/A new 'building block' for performance evaluation of queueing networks with finite buffers.txt)

1:-1.0002378

	+1 qid:505 1:0 2:0 3:0 4:0 5:0 6:0 7:0 8:0 9:0 10:0 11:0 12:0 13:0 14:0 15:0 16:1 17:0 18:0 19:0 20:0 21:1 22:0 23:0 24:0 25:0 

#paper 513 (data/oraby/A multitasking switchboard approach to user interface management.txt)

1:-1.0002378

	+1 qid:513 1:0 2:0 3:0 4:0 5:0 6:0 7:0 8:0 9:0 10:0 11:0 12:0 13:0 14:0 15:0 16:1 17:0 18:0 19:0 20:0 21:1 22:0 23:0 24:0 25:0 

#paper 532 (data/oraby/A Metafile for efficient sequential and random display of graphics.txt)

2:0.99923907

	-1 qid:532 1:1 2:0 3:0 4:0 5:0 6:1 7:0 8:0 9:0 10:0 11:1 12:0 13:0 14:0 15:0 16:1 17:0 18:0 19:0 20:0 21:0 22:1 23:0 24:0 25:0 

#paper 544 (data/oraby/A new distributed mutual exclusion algorithm for two groups.txt)

1:-1.0002898

	+1 qid:544 1:0 2:0 3:0 4:0 5:0 6:1 7:0 8:0 9:0 10:0 11:1 12:0 13:0 14:0 15:0 16:1 17:0 18:0 19:0 20:0 21:1 22:0 23:0 24:0 25:0 

#paper 587 (data/oraby/A future for professional communicators in software engineering.txt)

2:-1.0005985

	+1 qid:587 1:0 2:0 3:0 4:0 5:0 6:0 7:0 8:0 9:0 10:0 11:0 12:0 13:0 14:0 15:0 16:1 17:0 18:0 19:0 20:0 21:0 22:1 23:0 24:0 25:0 

#paper 620 (data/oraby/A hybrid approach to software reuse.txt)

1:0.99959971

	-1 qid:620 1:1 2:0 3:0 4:0 5:0 6:1 7:0 8:0 9:0 10:0 11:1 12:0 13:0 14:0 15:0 16:1 17:0 18:0 19:0 20:0 21:1 22:0 23:0 24:0 25:0 

#paper 649 (data/oraby/A graphics editor for labanotation.txt)

1:-1.0002378

	+1 qid:649 1:0 2:0 3:0 4:0 5:0 6:0 7:0 8:0 9:0 10:0 11:0 12:0 13:0 14:0 15:0 16:1 17:0 18:0 19:0 20:0 21:1 22:0 23:0 24:0 25:0 

#paper 661 (data/oraby/A Markov chain approximation for the analysis of banyan networks.txt)

2:0.99923907

	-1 qid:661 1:1 2:0 3:0 4:0 5:0 6:1 7:0 8:0 9:0 10:0 11:1 12:0 13:0 14:0 15:0 16:1 17:0 18:0 19:0 20:0 21:0 22:1 23:0 24:0 25:0 

#paper 697 (data/oraby/A multimedia server for remote training.txt)

1:-1.0002378

	+1 qid:697 1:0 2:0 3:0 4:0 5:0 6:0 7:0 8:0 9:0 10:0 11:0 12:0 13:0 14:0 15:0 16:1 17:0 18:0 19:0 20:0 21:1 22:0 23:0 24:0 25:0 

#paper 697 (data/oraby/A multimedia server for remote training.txt)

2:0.99983757

	-1 qid:697 1:1 2:0 3:0 4:0 5:0 6:1 7:0 8:0 9:0 10:0 11:1 12:0 13:0 14:0 15:0 16:0 17:1 18:0 19:0 20:0 21:0 22:1 23:0 24:0 25:0 

