data/orbz_sec/Animating facial expressions.txt 
1:0
-1 1:1 2:1 3:1 4:-1 5:-1  #31675

parse : [31675]@[data/orbz_sec/Animating facial expressions.txt]...

>>>>>>>>>>>>>>>>>>>>>>>>>>>>>>>>>>>>>>>>>>>>>>>>>>>>>>>>>>>>>>>>
 Perspectives+ Proceedings of the First 
Annual National Conference of Artificial Intelli~ence+ 1980
================================================================
, pp. 53-55. Badler, Norman I., Joseph 
O'Rourke, Stephen Smollar, and Lynne Webber. The Simulation 
<<<<<<<<<<<<<<<<<<<<<<<<<<<<<<<<<<<<<<<<<<<<<<<<<<<<<<<<<<<<<<<<
data/orbz_sec/Animating facial expressions.txt 
2:0
-1 1:1 2:-1 3:-1 4:1 5:1  #31684

parse : [31684]@[data/orbz_sec/Animating facial expressions.txt]...

>>>>>>>>>>>>>>>>>>>>>>>>>>>>>>>>>>>>>>>>>>>>>>>>>>>>>>>>>>>>>>>>
ives+ Proceedings of the First 
Annual National Conference of Artificial Intelli~ence+ 1980, pp. 53-
================================================================
55. Badler, Norman I., Joseph 
O'Rourke, Stephen Smollar, and Lynne Webber. The Simulation of Human 
<<<<<<<<<<<<<<<<<<<<<<<<<<<<<<<<<<<<<<<<<<<<<<<<<<<<<<<<<<<<<<<<
data/orbz_sec/Animating facial expressions.txt 
3:0
-1 1:1 2:-1 3:-1 4:1 5:1  #31948

parse : [31948]@[data/orbz_sec/Animating facial expressions.txt]...

>>>>>>>>>>>>>>>>>>>>>>>>>>>>>>>>>>>>>>>>>>>>>>>>>>>>>>>>>>>>>>>>
t of Computer and Information Science, University of Pennsylvania, Philadelphia, 
PA. SepHember 1978
================================================================
. Badler, Rot man I., and Stephen Sm~liar. Digital RepxesentatlonofHumanM~vements. 
AC___MM C~mpu¢i
<<<<<<<<<<<<<<<<<<<<<<<<<<<<<<<<<<<<<<<<<<<<<<<<<<<<<<<<<<<<<<<<
data/orbz_sec/Animating facial expressions.txt 
4:0
-1 1:1 2:1 3:1 4:-1 5:-1  #32073

parse : [32073]@[data/orbz_sec/Animating facial expressions.txt]...

>>>>>>>>>>>>>>>>>>>>>>>>>>>>>>>>>>>>>>>>>>>>>>>>>>>>>>>>>>>>>>>>
 Stephen Sm~liar. Digital RepxesentatlonofHumanM~vements. 
AC___MM C~mpu¢ing ~urveys il, March 1979
================================================================
, pp. 19-38. Baker, Charolette. Regulators and Turn-Taklng 
in AmericanSign Language Discourse, from
<<<<<<<<<<<<<<<<<<<<<<<<<<<<<<<<<<<<<<<<<<<<<<<<<<<<<<<<<<<<<<<<
data/orbz_sec/Animating facial expressions.txt 
5:0
-1 1:1 2:-1 3:-1 4:1 5:1  #32085

parse : [32085]@[data/orbz_sec/Animating facial expressions.txt]...

>>>>>>>>>>>>>>>>>>>>>>>>>>>>>>>>>>>>>>>>>>>>>>>>>>>>>>>>>>>>>>>>
liar. Digital RepxesentatlonofHumanM~vements. 
AC___MM C~mpu¢ing ~urveys il, March 1979, pp. 19-38.
================================================================
 Baker, Charolette. Regulators and Turn-Taklng 
in AmericanSign Language Discourse, from New Perspec
<<<<<<<<<<<<<<<<<<<<<<<<<<<<<<<<<<<<<<<<<<<<<<<<<<<<<<<<<<<<<<<<
data/orbz_sec/Animating facial expressions.txt 
6:0
-1 1:1 2:-1 3:-1 4:1 5:1  #32239

parse : [32239]@[data/orbz_sec/Animating facial expressions.txt]...

>>>>>>>>>>>>>>>>>>>>>>>>>>>>>>>>>>>>>>>>>>>>>>>>>>>>>>>>>>>>>>>>
ricanSign Language Discourse, from New Perspectives on American Sign Language, Academic Press, 
1977
================================================================
. Baker, Charolette, and Carol A. Padden. Focusing on ~he Nonmanual Componente of American SignLangu
<<<<<<<<<<<<<<<<<<<<<<<<<<<<<<<<<<<<<<<<<<<<<<<<<<<<<<<<<<<<<<<<
data/orbz_sec/Animating facial expressions.txt 
7:0
-1 1:1 2:-1 3:-1 4:1 5:1  #32425

parse : [32425]@[data/orbz_sec/Animating facial expressions.txt]...

>>>>>>>>>>>>>>>>>>>>>>>>>>>>>>>>>>>>>>>>>>>>>>>>>>>>>>>>>>>>>>>>
ican SignLanguage, 
from Unde/~tandin~ Language through Sign Language Raaearch, Academic Press, 1978
================================================================
. Birdwhistell, Ray 
L. Kinesics and Context, University of PennsylvaniaPress, Philadelphia, PA. 197
<<<<<<<<<<<<<<<<<<<<<<<<<<<<<<<<<<<<<<<<<<<<<<<<<<<<<<<<<<<<<<<<
data/orbz_sec/Animating facial expressions.txt 
8:0
-1 1:1 2:-1 3:-1 4:1 5:1  #32526

parse : [32526]@[data/orbz_sec/Animating facial expressions.txt]...

>>>>>>>>>>>>>>>>>>>>>>>>>>>>>>>>>>>>>>>>>>>>>>>>>>>>>>>>>>>>>>>>
 Birdwhistell, Ray 
L. Kinesics and Context, University of PennsylvaniaPress, Philadelphia, PA. 1970
================================================================
 Calvert, T. W, J. 
Chapman, and A, Patla. The Integration of Subjective and Objective Data in the A
<<<<<<<<<<<<<<<<<<<<<<<<<<<<<<<<<<<<<<<<<<<<<<<<<<<<<<<<<<<<<<<<
data/orbz_sec/Animating facial expressions.txt 
9:0
-1 1:1 2:-1 3:-1 4:1 5:1  #32701

parse : [32701]@[data/orbz_sec/Animating facial expressions.txt]...

>>>>>>>>>>>>>>>>>>>>>>>>>>>>>>>>>>>>>>>>>>>>>>>>>>>>>>>>>>>>>>>>
d Objective Data in the Animation of Human Movement. 
 Compu~.er G=aphics, vol. 14, no. 3, July 1980
================================================================
. Ekman, P. and W. Friesen. Facial Action Coding System, 
Consulting F~ycholzgists Press, Polo Alto,
<<<<<<<<<<<<<<<<<<<<<<<<<<<<<<<<<<<<<<<<<<<<<<<<<<<<<<<<<<<<<<<<
data/orbz_sec/Animating facial expressions.txt 
10:0
-1 1:1 2:-1 3:-1 4:1 5:1  #32810

parse : [32810]@[data/orbz_sec/Animating facial expressions.txt]...

>>>>>>>>>>>>>>>>>>>>>>>>>>>>>>>>>>>>>>>>>>>>>>>>>>>>>>>>>>>>>>>>
P. and W. Friesen. Facial Action Coding System, 
Consulting F~ycholzgists Press, Polo Alto, CA. 1978
================================================================
. Hackathorn, Ronald J. ANIMAIII -- A 3-D Color 
Animation System. Compute= Graphics, vol. II no. 2,
<<<<<<<<<<<<<<<<<<<<<<<<<<<<<<<<<<<<<<<<<<<<<<<<<<<<<<<<<<<<<<<<
data/orbz_sec/Animating facial expressions.txt 
11:0
-1 1:1 2:-1 3:-1 4:1 5:1  #32922

parse : [32922]@[data/orbz_sec/Animating facial expressions.txt]...

>>>>>>>>>>>>>>>>>>>>>>>>>>>>>>>>>>>>>>>>>>>>>>>>>>>>>>>>>>>>>>>>
, Ronald J. ANIMAIII -- A 3-D Color 
Animation System. Compute= Graphics, vol. II no. 2, Sum~er 1977
================================================================
 Hutchinson, Ann. Labanotation. NewYork: 
 Theatre Arts B~oks. 1970. O'Rourke, Joseph P. and N. I. B
<<<<<<<<<<<<<<<<<<<<<<<<<<<<<<<<<<<<<<<<<<<<<<<<<<<<<<<<<<<<<<<<
data/orbz_sec/Animating facial expressions.txt 
12:0
-1 1:1 2:-1 3:-1 4:1 5:1  #32989

parse : [32989]@[data/orbz_sec/Animating facial expressions.txt]...

>>>>>>>>>>>>>>>>>>>>>>>>>>>>>>>>>>>>>>>>>>>>>>>>>>>>>>>>>>>>>>>>
phics, vol. II no. 2, Sum~er 1977 Hutchinson, Ann. Labanotation. NewYork: 
 Theatre Arts B~oks. 1970
================================================================
. O'Rourke, Joseph P. and N. I. Badler. Model~Based Imag~Analysis of Human 
Motion Using Conatraint 
<<<<<<<<<<<<<<<<<<<<<<<<<<<<<<<<<<<<<<<<<<<<<<<<<<<<<<<<<<<<<<<<
data/orbz_sec/Animating facial expressions.txt 
13:0
-1 1:1 2:1 3:1 4:-1 5:-1  #33128

parse : [33128]@[data/orbz_sec/Animating facial expressions.txt]...

>>>>>>>>>>>>>>>>>>>>>>>>>>>>>>>>>>>>>>>>>>>>>>>>>>>>>>>>>>>>>>>>
 Model~Based Imag~Analysis of Human 
Motion Using Conatraint Propagation. -IE~EP~[I, 2(6), Nov. 1980
================================================================
, pp- 522-536. Parke, Frederic I,A 
Parametric Model for Human Faces. Ph. D. dissertation, Universit
<<<<<<<<<<<<<<<<<<<<<<<<<<<<<<<<<<<<<<<<<<<<<<<<<<<<<<<<<<<<<<<<
data/orbz_sec/Animating facial expressions.txt 
14:0
-1 1:1 2:-1 3:-1 4:1 5:1  #33137

parse : [33137]@[data/orbz_sec/Animating facial expressions.txt]...

>>>>>>>>>>>>>>>>>>>>>>>>>>>>>>>>>>>>>>>>>>>>>>>>>>>>>>>>>>>>>>>>
sed Imag~Analysis of Human 
Motion Using Conatraint Propagation. -IE~EP~[I, 2(6), Nov. 1980, pp- 522
================================================================
-536. Parke, Frederic I,A 
Parametric Model for Human Faces. Ph. D. dissertation, University of Utah
<<<<<<<<<<<<<<<<<<<<<<<<<<<<<<<<<<<<<<<<<<<<<<<<<<<<<<<<<<<<<<<<
data/orbz_sec/Animating facial expressions.txt 
15:0
-1 1:1 2:-1 3:-1 4:1 5:1  #33276

parse : [33276]@[data/orbz_sec/Animating facial expressions.txt]...

>>>>>>>>>>>>>>>>>>>>>>>>>>>>>>>>>>>>>>>>>>>>>>>>>>>>>>>>>>>>>>>>
odel for Human Faces. Ph. D. dissertation, University of Utah, Department of Computer 
Science, 1974
================================================================
. Platt, Stephen M, A Computer Model for the Simulation of HumanFaces. MSE thesis, Department 
of Co
<<<<<<<<<<<<<<<<<<<<<<<<<<<<<<<<<<<<<<<<<<<<<<<<<<<<<<<<<<<<<<<<
data/orbz_sec/Animating facial expressions.txt 
16:0
-1 1:1 2:-1 3:-1 4:1 5:1  #33441

parse : [33441]@[data/orbz_sec/Animating facial expressions.txt]...

>>>>>>>>>>>>>>>>>>>>>>>>>>>>>>>>>>>>>>>>>>>>>>>>>>>>>>>>>>>>>>>>
aces. MSE thesis, Department 
of Computer and Information Science, llDlv~raiHy of ~emn~ylvania, 1980
================================================================
 Sutton, Valerie. Sutton MovemenL 
Shorthand: Writing .T~ol :fG~ Research, The M~vement  Shorthand S
<<<<<<<<<<<<<<<<<<<<<<<<<<<<<<<<<<<<<<<<<<<<<<<<<<<<<<<<<<<<<<<<
